<?xml version="1.0" encoding="UTF-8"?>
<robot generator="Robot 7.0 (Python 3.12.1 on win32)" generated="2024-04-24T20:10:09.552896" rpa="false" schemaversion="5">
<suite id="s1" name="Tests" source="C:\Users\Renata\PycharmProjects\fakestore.testelka.pl---Robot-Framework\Tests">
<suite id="s1-s1" name="TestCase001" source="C:\Users\Renata\PycharmProjects\fakestore.testelka.pl---Robot-Framework\Tests\TestCase001.robot">
<test id="s1-s1-t1" name="User Registration Functionality" line="7">
<kw name="Open Browser To FakeStore Page" owner="RegistrationKeywords">
<kw name="Open Browser" owner="SeleniumLibrary">
<msg time="2024-04-24T20:10:09.651461" level="INFO">Opening browser 'Chrome' to base url 'https://fakestore.testelka.pl/'.</msg>
<arg>${BASE_URL}</arg>
<arg>${BROWSER}</arg>
<doc>Opens a new browser instance to the optional ``url``.</doc>
<status status="PASS" start="2024-04-24T20:10:09.651461" elapsed="3.464442"/>
</kw>
<kw name="Maximize Browser Window" owner="SeleniumLibrary">
<doc>Maximizes current browser window.</doc>
<status status="PASS" start="2024-04-24T20:10:13.115903" elapsed="0.022668"/>
</kw>
<kw name="Title Should Be" owner="SeleniumLibrary">
<msg time="2024-04-24T20:10:13.143570" level="INFO">Page title is 'FakeStore – Sklep do nauki testowania'.</msg>
<arg>FakeStore – Sklep do nauki testowania</arg>
<doc>Verifies that the current page title equals ``title``.</doc>
<status status="PASS" start="2024-04-24T20:10:13.138571" elapsed="0.004999"/>
</kw>
<status status="PASS" start="2024-04-24T20:10:09.650314" elapsed="3.493256"/>
</kw>
<kw name="Go to My Account Page" owner="RegistrationKeywords">
<kw name="Click Element" owner="SeleniumLibrary">
<msg time="2024-04-24T20:10:13.144570" level="INFO">Clicking element 'id=menu-item-201'.</msg>
<arg>${MY_ACCOUNT_LINK_ID}</arg>
<doc>Click the element identified by ``locator``.</doc>
<status status="PASS" start="2024-04-24T20:10:13.143570" elapsed="0.826836"/>
</kw>
<kw name="Title Should Be" owner="SeleniumLibrary">
<msg time="2024-04-24T20:10:13.974406" level="INFO">Page title is 'Moje konto – FakeStore'.</msg>
<arg>Moje konto – FakeStore</arg>
<doc>Verifies that the current page title equals ``title``.</doc>
<status status="PASS" start="2024-04-24T20:10:13.970406" elapsed="0.004000"/>
</kw>
<status status="PASS" start="2024-04-24T20:10:13.143570" elapsed="0.830836"/>
</kw>
<kw name="Input Registration Email Address" owner="RegistrationKeywords">
<kw name="Input Text" owner="SeleniumLibrary">
<msg time="2024-04-24T20:10:13.975405" level="INFO">Typing text 'example22@example.com' into text field 'id=reg_email'.</msg>
<arg>${REG_EMAIL_INPUT_ID}</arg>
<arg>${reg_email}</arg>
<doc>Types the given ``text`` into the text field identified by ``locator``.</doc>
<status status="PASS" start="2024-04-24T20:10:13.974406" elapsed="0.073437"/>
</kw>
<arg>example22@example.com</arg>
<status status="PASS" start="2024-04-24T20:10:13.974406" elapsed="0.073437"/>
</kw>
<kw name="Input Registration Password" owner="RegistrationKeywords">
<kw name="Input Text" owner="SeleniumLibrary">
<msg time="2024-04-24T20:10:14.048841" level="INFO">Typing text 'example22password123!' into text field 'id=reg_password'.</msg>
<arg>${REG_PASSWORD_INPUT_ID}</arg>
<arg>${reg_password}</arg>
<doc>Types the given ``text`` into the text field identified by ``locator``.</doc>
<status status="PASS" start="2024-04-24T20:10:14.048841" elapsed="0.065249"/>
</kw>
<arg>example22password123!</arg>
<status status="PASS" start="2024-04-24T20:10:14.047843" elapsed="0.066247"/>
</kw>
<kw name="Click on Register button" owner="RegistrationKeywords">
<kw name="Execute Javascript" owner="SeleniumLibrary">
<msg time="2024-04-24T20:10:14.115090" level="INFO">Executing JavaScript:
window.scrollBy(0, 200);
Without any arguments.</msg>
<arg>window.scrollBy(0, 200);</arg>
<doc>Executes the given JavaScript code with possible arguments.</doc>
<status status="PASS" start="2024-04-24T20:10:14.115090" elapsed="0.005000"/>
</kw>
<kw name="Wait Until Element Is Visible" owner="SeleniumLibrary">
<arg>${REG_BUTTON_CSS}</arg>
<arg>timeout=10s</arg>
<doc>Waits until the element ``locator`` is visible.</doc>
<status status="PASS" start="2024-04-24T20:10:14.121565" elapsed="0.013005"/>
</kw>
<kw name="Click Element" owner="SeleniumLibrary">
<msg time="2024-04-24T20:10:14.134570" level="INFO">Clicking element 'css=button[name='register'][value='Zarejestruj się']'.</msg>
<arg>${REG_BUTTON_CSS}</arg>
<doc>Click the element identified by ``locator``.</doc>
<status status="PASS" start="2024-04-24T20:10:14.134570" elapsed="1.524118"/>
</kw>
<status status="PASS" start="2024-04-24T20:10:14.115090" elapsed="1.544600"/>
</kw>
<kw name="Welcome Page Should Be Open" owner="RegistrationKeywords">
<kw name="Wait Until Page Contains" owner="SeleniumLibrary">
<arg>Witaj</arg>
<doc>Waits until ``text`` appears on the current page.</doc>
<status status="PASS" start="2024-04-24T20:10:15.659690" elapsed="0.006507"/>
</kw>
<status status="PASS" start="2024-04-24T20:10:15.659690" elapsed="0.006507"/>
</kw>
<kw name="Close Browser" owner="SeleniumLibrary" type="TEARDOWN">
<doc>Closes the current browser.</doc>
<status status="PASS" start="2024-04-24T20:10:15.667202" elapsed="2.085412"/>
</kw>
<status status="PASS" start="2024-04-24T20:10:09.650314" elapsed="8.103334"/>
</test>
<doc>Test Case: User Registration Functionality
Title: Verify if a new user can successfully complete the registration process.</doc>
<status status="PASS" start="2024-04-24T20:10:09.563367" elapsed="8.192280"/>
</suite>
<status status="PASS" start="2024-04-24T20:10:09.552896" elapsed="8.205741"/>
</suite>
<statistics>
<total>
<stat pass="1" fail="0" skip="0">All Tests</stat>
</total>
<tag>
</tag>
<suite>
<stat pass="1" fail="0" skip="0" id="s1" name="Tests">Tests</stat>
<stat pass="1" fail="0" skip="0" id="s1-s1" name="TestCase001">Tests.TestCase001</stat>
</suite>
</statistics>
<errors>
</errors>
</robot>
