<?xml version="1.0" encoding="UTF-8"?>
<robot generator="Robot 7.0 (Python 3.12.1 on win32)" generated="2024-05-20T20:07:49.877632" rpa="false" schemaversion="5">
<suite id="s1" name="TestCase004" source="C:\Users\Renata\PycharmProjects\fakestore.testelka.pl---Robot-Framework\Tests\TestCase004.robot">
<test id="s1-t1" name="Order Checkout Process Test 1" line="10">
<kw name="Open Browser To FakeStore Page" owner="CommonKeywords">
<kw name="Open Browser" owner="SeleniumLibrary">
<msg time="2024-05-20T20:07:50.000200" level="INFO">Opening browser 'Chrome' to base url 'https://fakestore.testelka.pl'.</msg>
<arg>${BASE_URL}</arg>
<arg>${BROWSER}</arg>
<doc>Opens a new browser instance to the optional ``url``.</doc>
<status status="PASS" start="2024-05-20T20:07:49.999194" elapsed="5.419671"/>
</kw>
<kw name="Maximize Browser Window" owner="SeleniumLibrary">
<doc>Maximizes current browser window.</doc>
<status status="PASS" start="2024-05-20T20:07:55.418865" elapsed="0.024999"/>
</kw>
<kw name="Title Should Be" owner="SeleniumLibrary">
<msg time="2024-05-20T20:07:55.446862" level="INFO">Page title is 'FakeStore – Sklep do nauki testowania'.</msg>
<arg>FakeStore – Sklep do nauki testowania</arg>
<doc>Verifies that the current page title equals ``title``.</doc>
<status status="PASS" start="2024-05-20T20:07:55.443864" elapsed="0.002998"/>
</kw>
<status status="PASS" start="2024-05-20T20:07:49.999194" elapsed="5.447668"/>
</kw>
<kw name="Go To Shop Page" owner="CommonKeywords">
<kw name="Click Element" owner="SeleniumLibrary">
<msg time="2024-05-20T20:07:55.447860" level="INFO">Clicking element 'id:menu-item-198'.</msg>
<arg>${SHOP_LINK_ID}</arg>
<doc>Click the element identified by ``locator``.</doc>
<status status="PASS" start="2024-05-20T20:07:55.447860" elapsed="0.823404"/>
</kw>
<kw name="Title Should Be" owner="SeleniumLibrary">
<msg time="2024-05-20T20:07:56.274253" level="INFO">Page title is 'Sklep – FakeStore'.</msg>
<arg>Sklep – FakeStore</arg>
<doc>Verifies that the current page title equals ``title``.</doc>
<status status="PASS" start="2024-05-20T20:07:56.271264" elapsed="0.002989"/>
</kw>
<kw name="Location Should Be" owner="SeleniumLibrary">
<msg time="2024-05-20T20:07:56.278252" level="INFO">Current location is 'https://fakestore.testelka.pl/shop/'.</msg>
<arg>${SHOP_URL}</arg>
<doc>Verifies that the current URL is exactly ``url``.</doc>
<status status="PASS" start="2024-05-20T20:07:56.274253" elapsed="0.003999"/>
</kw>
<kw name="Log" owner="BuiltIn">
<msg time="2024-05-20T20:07:56.278252" level="INFO">Redirected to Shop Page</msg>
<arg>Redirected to Shop Page</arg>
<doc>Logs the given message with the given level.</doc>
<status status="PASS" start="2024-05-20T20:07:56.278252" elapsed="0.000000"/>
</kw>
<status status="PASS" start="2024-05-20T20:07:55.446862" elapsed="0.831390"/>
</kw>
<kw name="Click On Windsurfing Category" owner="CartKeywords">
<kw name="Wait Until Element Is Visible" owner="SeleniumLibrary">
<arg>${WINDSURFING_CATEGORY_XPATH}</arg>
<doc>Waits until the element ``locator`` is visible.</doc>
<status status="PASS" start="2024-05-20T20:07:56.279252" elapsed="0.013000"/>
</kw>
<kw name="Click Element" owner="SeleniumLibrary">
<msg time="2024-05-20T20:07:56.292252" level="INFO">Clicking element 'xpath://*[@id="main"]/ul/li[1]/a'.</msg>
<arg>${WINDSURFING_CATEGORY_XPATH}</arg>
<doc>Click the element identified by ``locator``.</doc>
<status status="PASS" start="2024-05-20T20:07:56.292252" elapsed="0.833043"/>
</kw>
<kw name="Title Should Be" owner="SeleniumLibrary">
<msg time="2024-05-20T20:07:57.130295" level="INFO">Page title is 'Windsurfing – FakeStore'.</msg>
<arg>Windsurfing – FakeStore</arg>
<doc>Verifies that the current page title equals ``title``.</doc>
<status status="PASS" start="2024-05-20T20:07:57.126296" elapsed="0.003999"/>
</kw>
<kw name="Location Should Be" owner="SeleniumLibrary">
<msg time="2024-05-20T20:07:57.132295" level="INFO">Current location is 'https://fakestore.testelka.pl/product-category/windsurfing/'.</msg>
<arg>${WINDSERFING_URL}</arg>
<doc>Verifies that the current URL is exactly ``url``.</doc>
<status status="PASS" start="2024-05-20T20:07:57.130295" elapsed="0.002000"/>
</kw>
<kw name="Log" owner="BuiltIn">
<msg time="2024-05-20T20:07:57.133295" level="INFO">Clicked on Windsurfing Category</msg>
<arg>Clicked on Windsurfing Category</arg>
<doc>Logs the given message with the given level.</doc>
<status status="PASS" start="2024-05-20T20:07:57.133295" elapsed="0.000000"/>
</kw>
<status status="PASS" start="2024-05-20T20:07:56.279252" elapsed="0.854043"/>
</kw>
<kw name="Select Product By Order" owner="CartKeywords">
<kw name="Get From Dictionary" owner="Collections">
<msg time="2024-05-20T20:07:57.133295" level="INFO">${product_locator} = //*[@id="main"]/ul/li[3]/a[1]</msg>
<var>${product_locator}</var>
<arg>${SELECT_PRODUCT_LOCATORS}</arg>
<arg>${select_option}</arg>
<doc>Returns a value from the given ``dictionary`` based on the given ``key``.</doc>
<status status="PASS" start="2024-05-20T20:07:57.133295" elapsed="0.000000"/>
</kw>
<kw name="Run Keyword If" owner="BuiltIn">
<kw name="Click Element" owner="SeleniumLibrary">
<msg time="2024-05-20T20:07:57.134295" level="INFO">Clicking element '//*[@id="main"]/ul/li[3]/a[1]'.</msg>
<arg>${product_locator}</arg>
<doc>Click the element identified by ``locator``.</doc>
<status status="PASS" start="2024-05-20T20:07:57.134295" elapsed="2.705173"/>
</kw>
<arg>'${product_locator}' != 'None'</arg>
<arg>Click Element</arg>
<arg>${product_locator}</arg>
<arg>ELSE</arg>
<arg>Log</arg>
<arg>No locator found for option: ${select_option}</arg>
<arg>Scroll Page Down If Element Not Visible</arg>
<arg>${product_locator}</arg>
<doc>Runs the given keyword with the given arguments, if ``condition`` is true.</doc>
<status status="PASS" start="2024-05-20T20:07:57.133295" elapsed="2.707180"/>
</kw>
<arg>third_product</arg>
<status status="PASS" start="2024-05-20T20:07:57.133295" elapsed="2.707180"/>
</kw>
<kw name="Locate and Click Quantity Input Field" owner="CartKeywords">
<kw name="Click Element" owner="SeleniumLibrary">
<msg time="2024-05-20T20:07:59.840475" level="INFO">Clicking element 'xpath:/html/body/div[2]/div[2]/div/div[2]/main/div[2]/div[2]/form/div/input'.</msg>
<arg>${QUANTITY_INPUT_XPATH}</arg>
<doc>Click the element identified by ``locator``.</doc>
<status status="PASS" start="2024-05-20T20:07:59.840475" elapsed="0.032600"/>
</kw>
<status status="PASS" start="2024-05-20T20:07:59.840475" elapsed="0.032600"/>
</kw>
<kw name="Clear and Enter Quantity" owner="CartKeywords">
<kw name="Input Text" owner="SeleniumLibrary">
<msg time="2024-05-20T20:07:59.874076" level="INFO">Typing text '' into text field 'xpath:/html/body/div[2]/div[2]/div/div[2]/main/div[2]/div[2]/form/div/input'.</msg>
<arg>${QUANTITY_INPUT_XPATH}</arg>
<arg>${EMPTY}</arg>
<doc>Types the given ``text`` into the text field identified by ``locator``.</doc>
<status status="PASS" start="2024-05-20T20:07:59.873075" elapsed="0.047001"/>
</kw>
<kw name="Input Text" owner="SeleniumLibrary">
<msg time="2024-05-20T20:07:59.921496" level="INFO">Typing text '2' into text field 'xpath:/html/body/div[2]/div[2]/div/div[2]/main/div[2]/div[2]/form/div/input'.</msg>
<arg>${QUANTITY_INPUT_XPATH}</arg>
<arg>${quantity}</arg>
<doc>Types the given ``text`` into the text field identified by ``locator``.</doc>
<status status="PASS" start="2024-05-20T20:07:59.920076" elapsed="0.035065"/>
</kw>
<arg>2</arg>
<status status="PASS" start="2024-05-20T20:07:59.873075" elapsed="0.082066"/>
</kw>
<kw name="Add Windsurfing Products To Cart" owner="CartKeywords">
<kw name="Get Dictionary Keys" owner="Collections">
<msg time="2024-05-20T20:07:59.956146" level="INFO">${windserfing_locations} = ['Egipt', 'Fuerteventura', 'Greece', 'Karpathos', 'Lanzarote', 'Sal']</msg>
<var>${windserfing_locations}</var>
<arg>${ADD_WINDSERFING_LOCATORS}</arg>
<doc>Returns keys of the given ``dictionary`` as a list.</doc>
<status status="PASS" start="2024-05-20T20:07:59.955141" elapsed="0.001005"/>
</kw>
<for flavor="IN">
<iter>
<kw name="Get From Dictionary" owner="Collections">
<msg time="2024-05-20T20:07:59.956146" level="INFO">${windserfing_locator} = //*[@id="product-386"]/div[2]/form/button</msg>
<var>${windserfing_locator}</var>
<arg>${ADD_WINDSERFING_LOCATORS}</arg>
<arg>${windserfing_location}</arg>
<doc>Returns a value from the given ``dictionary`` based on the given ``key``.</doc>
<status status="PASS" start="2024-05-20T20:07:59.956146" elapsed="0.000000"/>
</kw>
<kw name="Run Keyword And Return Status" owner="BuiltIn">
<kw name="Wait Until Element Is Visible" owner="SeleniumLibrary">
<msg time="2024-05-20T20:08:10.239229" level="INFO" html="true">&lt;/td&gt;&lt;/tr&gt;&lt;tr&gt;&lt;td colspan="3"&gt;&lt;a href="selenium-screenshot-1.png"&gt;&lt;img src="selenium-screenshot-1.png" width="800px"&gt;&lt;/a&gt;</msg>
<msg time="2024-05-20T20:08:10.239229" level="FAIL">Element '//*[@id="product-386"]/div[2]/form/button' not visible after 10 seconds.</msg>
<arg>${windserfing_locator}</arg>
<arg>timeout=10s</arg>
<doc>Waits until the element ``locator`` is visible.</doc>
<status status="FAIL" start="2024-05-20T20:07:59.956146" elapsed="10.284083">Element '//*[@id="product-386"]/div[2]/form/button' not visible after 10 seconds.</status>
</kw>
<msg time="2024-05-20T20:08:10.240229" level="INFO">${button_visible} = False</msg>
<var>${button_visible}</var>
<arg>Wait Until Element Is Visible</arg>
<arg>${windserfing_locator}</arg>
<arg>timeout=10s</arg>
<doc>Runs the given keyword with given arguments and returns the status as a Boolean value.</doc>
<status status="PASS" start="2024-05-20T20:07:59.956146" elapsed="10.284083"/>
</kw>
<if>
<branch type="IF" condition="'${button_visible}' == 'True'">
<kw name="Click Element" owner="SeleniumLibrary">
<arg>${windserfing_locator}</arg>
<doc>Click the element identified by ``locator``.</doc>
<status status="NOT RUN" start="2024-05-20T20:08:10.240229" elapsed="0.000000"/>
</kw>
<kw name="Exit For Loop" owner="BuiltIn">
<doc>Stops executing the enclosing FOR loop.</doc>
<status status="NOT RUN" start="2024-05-20T20:08:10.240229" elapsed="0.000000"/>
</kw>
<status status="NOT RUN" start="2024-05-20T20:08:10.240229" elapsed="0.000000"/>
</branch>
<branch type="ELSE">
<kw name="Log" owner="BuiltIn">
<msg time="2024-05-20T20:08:10.240229" level="INFO">Element 'Egipt' not visible after 10 seconds.</msg>
<arg>Element '${windserfing_location}' not visible after 10 seconds.</arg>
<doc>Logs the given message with the given level.</doc>
<status status="PASS" start="2024-05-20T20:08:10.240229" elapsed="0.000000"/>
</kw>
<status status="PASS" start="2024-05-20T20:08:10.240229" elapsed="0.000000"/>
</branch>
<status status="PASS" start="2024-05-20T20:08:10.240229" elapsed="0.000000"/>
</if>
<var name="${windserfing_location}">Egipt</var>
<status status="PASS" start="2024-05-20T20:07:59.956146" elapsed="10.284083"/>
</iter>
<iter>
<kw name="Get From Dictionary" owner="Collections">
<msg time="2024-05-20T20:08:10.241229" level="INFO">${windserfing_locator} = //*[@id="product-393"]/div[2]/form/button</msg>
<var>${windserfing_locator}</var>
<arg>${ADD_WINDSERFING_LOCATORS}</arg>
<arg>${windserfing_location}</arg>
<doc>Returns a value from the given ``dictionary`` based on the given ``key``.</doc>
<status status="PASS" start="2024-05-20T20:08:10.241229" elapsed="0.000000"/>
</kw>
<kw name="Run Keyword And Return Status" owner="BuiltIn">
<kw name="Wait Until Element Is Visible" owner="SeleniumLibrary">
<msg time="2024-05-20T20:08:20.580389" level="INFO" html="true">&lt;/td&gt;&lt;/tr&gt;&lt;tr&gt;&lt;td colspan="3"&gt;&lt;a href="selenium-screenshot-2.png"&gt;&lt;img src="selenium-screenshot-2.png" width="800px"&gt;&lt;/a&gt;</msg>
<msg time="2024-05-20T20:08:20.580389" level="FAIL">Element '//*[@id="product-393"]/div[2]/form/button' not visible after 10 seconds.</msg>
<arg>${windserfing_locator}</arg>
<arg>timeout=10s</arg>
<doc>Waits until the element ``locator`` is visible.</doc>
<status status="FAIL" start="2024-05-20T20:08:10.241229" elapsed="10.340167">Element '//*[@id="product-393"]/div[2]/form/button' not visible after 10 seconds.</status>
</kw>
<msg time="2024-05-20T20:08:20.581396" level="INFO">${button_visible} = False</msg>
<var>${button_visible}</var>
<arg>Wait Until Element Is Visible</arg>
<arg>${windserfing_locator}</arg>
<arg>timeout=10s</arg>
<doc>Runs the given keyword with given arguments and returns the status as a Boolean value.</doc>
<status status="PASS" start="2024-05-20T20:08:10.241229" elapsed="10.340167"/>
</kw>
<if>
<branch type="IF" condition="'${button_visible}' == 'True'">
<kw name="Click Element" owner="SeleniumLibrary">
<arg>${windserfing_locator}</arg>
<doc>Click the element identified by ``locator``.</doc>
<status status="NOT RUN" start="2024-05-20T20:08:20.581396" elapsed="0.000000"/>
</kw>
<kw name="Exit For Loop" owner="BuiltIn">
<doc>Stops executing the enclosing FOR loop.</doc>
<status status="NOT RUN" start="2024-05-20T20:08:20.581396" elapsed="0.000000"/>
</kw>
<status status="NOT RUN" start="2024-05-20T20:08:20.581396" elapsed="0.000000"/>
</branch>
<branch type="ELSE">
<kw name="Log" owner="BuiltIn">
<msg time="2024-05-20T20:08:20.581396" level="INFO">Element 'Fuerteventura' not visible after 10 seconds.</msg>
<arg>Element '${windserfing_location}' not visible after 10 seconds.</arg>
<doc>Logs the given message with the given level.</doc>
<status status="PASS" start="2024-05-20T20:08:20.581396" elapsed="0.000000"/>
</kw>
<status status="PASS" start="2024-05-20T20:08:20.581396" elapsed="0.000000"/>
</branch>
<status status="PASS" start="2024-05-20T20:08:20.581396" elapsed="0.001000"/>
</if>
<var name="${windserfing_location}">Fuerteventura</var>
<status status="PASS" start="2024-05-20T20:08:10.240229" elapsed="10.342167"/>
</iter>
<iter>
<kw name="Get From Dictionary" owner="Collections">
<msg time="2024-05-20T20:08:20.582396" level="INFO">${windserfing_locator} = //*[@id="product-391"]/div[2]/form/button</msg>
<var>${windserfing_locator}</var>
<arg>${ADD_WINDSERFING_LOCATORS}</arg>
<arg>${windserfing_location}</arg>
<doc>Returns a value from the given ``dictionary`` based on the given ``key``.</doc>
<status status="PASS" start="2024-05-20T20:08:20.582396" elapsed="0.000000"/>
</kw>
<kw name="Run Keyword And Return Status" owner="BuiltIn">
<kw name="Wait Until Element Is Visible" owner="SeleniumLibrary">
<arg>${windserfing_locator}</arg>
<arg>timeout=10s</arg>
<doc>Waits until the element ``locator`` is visible.</doc>
<status status="PASS" start="2024-05-20T20:08:20.582396" elapsed="0.013259"/>
</kw>
<msg time="2024-05-20T20:08:20.595655" level="INFO">${button_visible} = True</msg>
<var>${button_visible}</var>
<arg>Wait Until Element Is Visible</arg>
<arg>${windserfing_locator}</arg>
<arg>timeout=10s</arg>
<doc>Runs the given keyword with given arguments and returns the status as a Boolean value.</doc>
<status status="PASS" start="2024-05-20T20:08:20.582396" elapsed="0.013259"/>
</kw>
<if>
<branch type="IF" condition="'${button_visible}' == 'True'">
<kw name="Click Element" owner="SeleniumLibrary">
<msg time="2024-05-20T20:08:20.595655" level="INFO">Clicking element '//*[@id="product-391"]/div[2]/form/button'.</msg>
<arg>${windserfing_locator}</arg>
<doc>Click the element identified by ``locator``.</doc>
<status status="PASS" start="2024-05-20T20:08:20.595655" elapsed="0.901779"/>
</kw>
<kw name="Exit For Loop" owner="BuiltIn">
<msg time="2024-05-20T20:08:21.497434" level="INFO">Exiting for loop altogether.</msg>
<doc>Stops executing the enclosing FOR loop.</doc>
<status status="PASS" start="2024-05-20T20:08:21.497434" elapsed="0.000000"/>
</kw>
<status status="PASS" start="2024-05-20T20:08:20.595655" elapsed="0.901779"/>
</branch>
<branch type="ELSE">
<kw name="Log" owner="BuiltIn">
<arg>Element '${windserfing_location}' not visible after 10 seconds.</arg>
<doc>Logs the given message with the given level.</doc>
<status status="NOT RUN" start="2024-05-20T20:08:21.498431" elapsed="0.000000"/>
</kw>
<status status="NOT RUN" start="2024-05-20T20:08:21.497434" elapsed="0.000997"/>
</branch>
<status status="PASS" start="2024-05-20T20:08:20.595655" elapsed="0.902776"/>
</if>
<var name="${windserfing_location}">Greece</var>
<status status="PASS" start="2024-05-20T20:08:20.582396" elapsed="0.916035"/>
</iter>
<var>${windserfing_location}</var>
<value>@{windserfing_locations}</value>
<status status="PASS" start="2024-05-20T20:07:59.956146" elapsed="21.542285"/>
</for>
<status status="PASS" start="2024-05-20T20:07:59.955141" elapsed="21.543290"/>
</kw>
<kw name="Go To Shop Page" owner="CommonKeywords">
<kw name="Click Element" owner="SeleniumLibrary">
<msg time="2024-05-20T20:08:21.500433" level="INFO">Clicking element 'id:menu-item-198'.</msg>
<arg>${SHOP_LINK_ID}</arg>
<doc>Click the element identified by ``locator``.</doc>
<status status="PASS" start="2024-05-20T20:08:21.500433" elapsed="1.071805"/>
</kw>
<kw name="Title Should Be" owner="SeleniumLibrary">
<msg time="2024-05-20T20:08:22.576284" level="INFO">Page title is 'Sklep – FakeStore'.</msg>
<arg>Sklep – FakeStore</arg>
<doc>Verifies that the current page title equals ``title``.</doc>
<status status="PASS" start="2024-05-20T20:08:22.572238" elapsed="0.004046"/>
</kw>
<kw name="Location Should Be" owner="SeleniumLibrary">
<msg time="2024-05-20T20:08:22.582752" level="INFO">Current location is 'https://fakestore.testelka.pl/shop/'.</msg>
<arg>${SHOP_URL}</arg>
<doc>Verifies that the current URL is exactly ``url``.</doc>
<status status="PASS" start="2024-05-20T20:08:22.576284" elapsed="0.006468"/>
</kw>
<kw name="Log" owner="BuiltIn">
<msg time="2024-05-20T20:08:22.582752" level="INFO">Redirected to Shop Page</msg>
<arg>Redirected to Shop Page</arg>
<doc>Logs the given message with the given level.</doc>
<status status="PASS" start="2024-05-20T20:08:22.582752" elapsed="0.000000"/>
</kw>
<status status="PASS" start="2024-05-20T20:08:21.499433" elapsed="1.083319"/>
</kw>
<kw name="Click On Sailing Category" owner="CartKeywords">
<kw name="Execute Javascript" owner="SeleniumLibrary">
<msg time="2024-05-20T20:08:22.583752" level="INFO">Executing JavaScript:
window.scrollBy(0, 200);
Without any arguments.</msg>
<arg>window.scrollBy(0, 200);</arg>
<doc>Executes the given JavaScript code with possible arguments.</doc>
<status status="PASS" start="2024-05-20T20:08:22.583752" elapsed="0.002999"/>
</kw>
<kw name="Wait Until Element Is Visible" owner="SeleniumLibrary">
<arg>${SAILING_CATEGORY_XPATH}</arg>
<arg>timeout=10s</arg>
<doc>Waits until the element ``locator`` is visible.</doc>
<status status="PASS" start="2024-05-20T20:08:22.586751" elapsed="0.012002"/>
</kw>
<kw name="Click Element" owner="SeleniumLibrary">
<msg time="2024-05-20T20:08:22.599752" level="INFO">Clicking element 'xpath://*[@id="main"]/ul/li[4]/a'.</msg>
<arg>${SAILING_CATEGORY_XPATH}</arg>
<doc>Click the element identified by ``locator``.</doc>
<status status="PASS" start="2024-05-20T20:08:22.599752" elapsed="1.146103"/>
</kw>
<kw name="Title Should Be" owner="SeleniumLibrary">
<msg time="2024-05-20T20:08:23.751853" level="INFO">Page title is 'Żeglarstwo – FakeStore'.</msg>
<arg>Żeglarstwo – FakeStore</arg>
<doc>Verifies that the current page title equals ``title``.</doc>
<status status="PASS" start="2024-05-20T20:08:23.745855" elapsed="0.005998"/>
</kw>
<kw name="Location Should Be" owner="SeleniumLibrary">
<msg time="2024-05-20T20:08:23.754854" level="INFO">Current location is 'https://fakestore.testelka.pl/product-category/zeglarstwo/'.</msg>
<arg>${SAILING_URL}</arg>
<doc>Verifies that the current URL is exactly ``url``.</doc>
<status status="PASS" start="2024-05-20T20:08:23.751853" elapsed="0.003001"/>
</kw>
<kw name="Log" owner="BuiltIn">
<msg time="2024-05-20T20:08:23.754854" level="INFO">Clicked on Sailing Category</msg>
<arg>Clicked on Sailing Category</arg>
<doc>Logs the given message with the given level.</doc>
<status status="PASS" start="2024-05-20T20:08:23.754854" elapsed="0.000000"/>
</kw>
<status status="PASS" start="2024-05-20T20:08:22.583752" elapsed="1.171102"/>
</kw>
<kw name="Select Product By Order" owner="CartKeywords">
<kw name="Get From Dictionary" owner="Collections">
<msg time="2024-05-20T20:08:23.755855" level="INFO">${product_locator} = //*[@id="main"]/ul/li[1]/a[1]</msg>
<var>${product_locator}</var>
<arg>${SELECT_PRODUCT_LOCATORS}</arg>
<arg>${select_option}</arg>
<doc>Returns a value from the given ``dictionary`` based on the given ``key``.</doc>
<status status="PASS" start="2024-05-20T20:08:23.754854" elapsed="0.001001"/>
</kw>
<kw name="Run Keyword If" owner="BuiltIn">
<kw name="Click Element" owner="SeleniumLibrary">
<msg time="2024-05-20T20:08:23.755855" level="INFO">Clicking element '//*[@id="main"]/ul/li[1]/a[1]'.</msg>
<arg>${product_locator}</arg>
<doc>Click the element identified by ``locator``.</doc>
<status status="PASS" start="2024-05-20T20:08:23.755855" elapsed="4.967844"/>
</kw>
<arg>'${product_locator}' != 'None'</arg>
<arg>Click Element</arg>
<arg>${product_locator}</arg>
<arg>ELSE</arg>
<arg>Log</arg>
<arg>No locator found for option: ${select_option}</arg>
<arg>Scroll Page Down If Element Not Visible</arg>
<arg>${product_locator}</arg>
<doc>Runs the given keyword with the given arguments, if ``condition`` is true.</doc>
<status status="PASS" start="2024-05-20T20:08:23.755855" elapsed="4.969203"/>
</kw>
<arg>first_product</arg>
<status status="PASS" start="2024-05-20T20:08:23.754854" elapsed="4.970204"/>
</kw>
<kw name="Locate and Click Quantity Input Field" owner="CartKeywords">
<kw name="Click Element" owner="SeleniumLibrary">
<msg time="2024-05-20T20:08:28.728079" level="INFO">Clicking element 'xpath:/html/body/div[2]/div[2]/div/div[2]/main/div[2]/div[2]/form/div/input'.</msg>
<arg>${QUANTITY_INPUT_XPATH}</arg>
<doc>Click the element identified by ``locator``.</doc>
<status status="PASS" start="2024-05-20T20:08:28.727082" elapsed="0.033084"/>
</kw>
<status status="PASS" start="2024-05-20T20:08:28.726087" elapsed="0.034079"/>
</kw>
<kw name="Clear and Enter Quantity" owner="CartKeywords">
<kw name="Input Text" owner="SeleniumLibrary">
<msg time="2024-05-20T20:08:28.761167" level="INFO">Typing text '' into text field 'xpath:/html/body/div[2]/div[2]/div/div[2]/main/div[2]/div[2]/form/div/input'.</msg>
<arg>${QUANTITY_INPUT_XPATH}</arg>
<arg>${EMPTY}</arg>
<doc>Types the given ``text`` into the text field identified by ``locator``.</doc>
<status status="PASS" start="2024-05-20T20:08:28.761167" elapsed="0.039001"/>
</kw>
<kw name="Input Text" owner="SeleniumLibrary">
<msg time="2024-05-20T20:08:28.800168" level="INFO">Typing text '3' into text field 'xpath:/html/body/div[2]/div[2]/div/div[2]/main/div[2]/div[2]/form/div/input'.</msg>
<arg>${QUANTITY_INPUT_XPATH}</arg>
<arg>${quantity}</arg>
<doc>Types the given ``text`` into the text field identified by ``locator``.</doc>
<status status="PASS" start="2024-05-20T20:08:28.800168" elapsed="0.034998"/>
</kw>
<arg>3</arg>
<status status="PASS" start="2024-05-20T20:08:28.761167" elapsed="0.073999"/>
</kw>
<kw name="Add Sailing Products To Cart" owner="CartKeywords">
<kw name="Get Dictionary Keys" owner="Collections">
<msg time="2024-05-20T20:08:28.835166" level="INFO">${sailing_locations} = ['Masuria']</msg>
<var>${sailing_locations}</var>
<arg>${ADD_SAILING_LOCATORS}</arg>
<doc>Returns keys of the given ``dictionary`` as a list.</doc>
<status status="PASS" start="2024-05-20T20:08:28.835166" elapsed="0.000000"/>
</kw>
<for flavor="IN">
<iter>
<kw name="Get From Dictionary" owner="Collections">
<msg time="2024-05-20T20:08:28.836167" level="INFO">${sailing_locator} = //*[@id="product-46"]/div[2]/form/button</msg>
<var>${sailing_locator}</var>
<arg>${ADD_SAILING_LOCATORS}</arg>
<arg>${sailing_location}</arg>
<doc>Returns a value from the given ``dictionary`` based on the given ``key``.</doc>
<status status="PASS" start="2024-05-20T20:08:28.836167" elapsed="0.000000"/>
</kw>
<kw name="Run Keyword And Return Status" owner="BuiltIn">
<kw name="Wait Until Element Is Visible" owner="SeleniumLibrary">
<arg>${sailing_locator}</arg>
<arg>timeout=10s</arg>
<doc>Waits until the element ``locator`` is visible.</doc>
<status status="PASS" start="2024-05-20T20:08:28.836167" elapsed="0.011998"/>
</kw>
<msg time="2024-05-20T20:08:28.848165" level="INFO">${button_visible} = True</msg>
<var>${button_visible}</var>
<arg>Wait Until Element Is Visible</arg>
<arg>${sailing_locator}</arg>
<arg>timeout=10s</arg>
<doc>Runs the given keyword with given arguments and returns the status as a Boolean value.</doc>
<status status="PASS" start="2024-05-20T20:08:28.836167" elapsed="0.011998"/>
</kw>
<if>
<branch type="IF" condition="'${button_visible}' == 'True'">
<kw name="Click Element" owner="SeleniumLibrary">
<msg time="2024-05-20T20:08:28.848165" level="INFO">Clicking element '//*[@id="product-46"]/div[2]/form/button'.</msg>
<arg>${sailing_locator}</arg>
<doc>Click the element identified by ``locator``.</doc>
<status status="PASS" start="2024-05-20T20:08:28.848165" elapsed="0.933332"/>
</kw>
<kw name="Exit For Loop" owner="BuiltIn">
<msg time="2024-05-20T20:08:29.781497" level="INFO">Exiting for loop altogether.</msg>
<doc>Stops executing the enclosing FOR loop.</doc>
<status status="PASS" start="2024-05-20T20:08:29.781497" elapsed="0.000000"/>
</kw>
<status status="PASS" start="2024-05-20T20:08:28.848165" elapsed="0.933332"/>
</branch>
<branch type="ELSE">
<kw name="Log" owner="BuiltIn">
<arg>Element '${sailing_location}' not visible after 10 seconds.</arg>
<doc>Logs the given message with the given level.</doc>
<status status="NOT RUN" start="2024-05-20T20:08:29.781497" elapsed="0.000000"/>
</kw>
<status status="NOT RUN" start="2024-05-20T20:08:29.781497" elapsed="0.000000"/>
</branch>
<status status="PASS" start="2024-05-20T20:08:28.848165" elapsed="0.933332"/>
</if>
<var name="${sailing_location}">Masuria</var>
<status status="PASS" start="2024-05-20T20:08:28.836167" elapsed="0.945330"/>
</iter>
<var>${sailing_location}</var>
<value>@{sailing_locations}</value>
<status status="PASS" start="2024-05-20T20:08:28.835166" elapsed="0.946331"/>
</for>
<status status="PASS" start="2024-05-20T20:08:28.835166" elapsed="0.946331"/>
</kw>
<kw name="Go To Cart Page" owner="CommonKeywords">
<kw name="Click Element" owner="SeleniumLibrary">
<msg time="2024-05-20T20:08:29.782497" level="INFO">Clicking element 'id:menu-item-200'.</msg>
<arg>${CART_LINK_ID}</arg>
<doc>Click the element identified by ``locator``.</doc>
<status status="PASS" start="2024-05-20T20:08:29.782497" elapsed="1.475004"/>
</kw>
<kw name="Title Should Be" owner="SeleniumLibrary">
<msg time="2024-05-20T20:08:31.261508" level="INFO">Page title is 'Koszyk – FakeStore'.</msg>
<arg>Koszyk – FakeStore</arg>
<doc>Verifies that the current page title equals ``title``.</doc>
<status status="PASS" start="2024-05-20T20:08:31.258510" elapsed="0.002998"/>
</kw>
<kw name="Location Should Be" owner="SeleniumLibrary">
<msg time="2024-05-20T20:08:31.263507" level="INFO">Current location is 'https://fakestore.testelka.pl/koszyk/'.</msg>
<arg>${CART_URL}</arg>
<doc>Verifies that the current URL is exactly ``url``.</doc>
<status status="PASS" start="2024-05-20T20:08:31.261508" elapsed="0.001999"/>
</kw>
<kw name="Log" owner="BuiltIn">
<msg time="2024-05-20T20:08:31.264506" level="INFO">Redirected to Cart Page</msg>
<arg>Redirected to Cart Page</arg>
<doc>Logs the given message with the given level.</doc>
<status status="PASS" start="2024-05-20T20:08:31.264506" elapsed="0.000000"/>
</kw>
<status status="PASS" start="2024-05-20T20:08:29.781497" elapsed="1.483009"/>
</kw>
<kw name="Locate and Apply Coupon Code" owner="CheckoutKeywords">
<kw name="Execute Javascript" owner="SeleniumLibrary">
<msg time="2024-05-20T20:08:31.265507" level="INFO">Executing JavaScript:
window.scrollBy(0, 200);
Without any arguments.</msg>
<arg>window.scrollBy(0, 200);</arg>
<doc>Executes the given JavaScript code with possible arguments.</doc>
<status status="PASS" start="2024-05-20T20:08:31.264506" elapsed="0.003131"/>
</kw>
<kw name="Wait Until Element Is Visible" owner="SeleniumLibrary">
<arg>${COUPON_CODE_INPUT_ID}</arg>
<arg>timeout=10s</arg>
<doc>Waits until the element ``locator`` is visible.</doc>
<status status="PASS" start="2024-05-20T20:08:31.267637" elapsed="0.013005"/>
</kw>
<kw name="Click Element" owner="SeleniumLibrary">
<msg time="2024-05-20T20:08:31.280642" level="INFO">Clicking element 'id:coupon_code'.</msg>
<arg>${COUPON_CODE_INPUT_ID}</arg>
<doc>Click the element identified by ``locator``.</doc>
<status status="PASS" start="2024-05-20T20:08:31.280642" elapsed="0.024409"/>
</kw>
<kw name="Input Text" owner="SeleniumLibrary">
<msg time="2024-05-20T20:08:31.306051" level="INFO">Typing text 'kwotowy250' into text field 'id:coupon_code'.</msg>
<arg>${COUPON_CODE_INPUT_ID}</arg>
<arg>${COUPONS}[${coupon_index}]</arg>
<doc>Types the given ``text`` into the text field identified by ``locator``.</doc>
<status status="PASS" start="2024-05-20T20:08:31.306051" elapsed="0.035000"/>
</kw>
<kw name="Execute Javascript" owner="SeleniumLibrary">
<msg time="2024-05-20T20:08:31.341051" level="INFO">Executing JavaScript:
window.scrollBy(0, 200);
Without any arguments.</msg>
<arg>window.scrollBy(0, 200);</arg>
<doc>Executes the given JavaScript code with possible arguments.</doc>
<status status="PASS" start="2024-05-20T20:08:31.341051" elapsed="0.003000"/>
</kw>
<kw name="Wait Until Element Is Visible" owner="SeleniumLibrary">
<arg>${APPLY_COUPON_BUTTON_CSS}</arg>
<doc>Waits until the element ``locator`` is visible.</doc>
<status status="PASS" start="2024-05-20T20:08:31.344051" elapsed="0.011001"/>
</kw>
<kw name="Click Element" owner="SeleniumLibrary">
<msg time="2024-05-20T20:08:31.355052" level="INFO">Clicking element 'css:button[name='apply_coupon']'.</msg>
<arg>${APPLY_COUPON_BUTTON_CSS}</arg>
<doc>Click the element identified by ``locator``.</doc>
<status status="PASS" start="2024-05-20T20:08:31.355052" elapsed="0.030001"/>
</kw>
<arg>0</arg>
<status status="PASS" start="2024-05-20T20:08:31.264506" elapsed="0.121546"/>
</kw>
<kw name="Click Process To Checkout Button" owner="CheckoutKeywords">
<kw name="Execute Javascript" owner="SeleniumLibrary">
<msg time="2024-05-20T20:08:31.386052" level="INFO">Executing JavaScript:
window.scrollBy(0, 400);
Without any arguments.</msg>
<arg>window.scrollBy(0, 400);</arg>
<doc>Executes the given JavaScript code with possible arguments.</doc>
<status status="PASS" start="2024-05-20T20:08:31.386052" elapsed="0.004001"/>
</kw>
<kw name="Wait Until Element Is Visible" owner="SeleniumLibrary">
<arg>${PROCEED_TO_CHECKOUT_BUTTON_XPATH}</arg>
<doc>Waits until the element ``locator`` is visible.</doc>
<status status="PASS" start="2024-05-20T20:08:31.390053" elapsed="0.012999"/>
</kw>
<kw name="Click Element" owner="SeleniumLibrary">
<msg time="2024-05-20T20:08:31.404051" level="INFO">Clicking element 'xpath=//*[@id="post-6"]/div/div/div[2]/div/div/a'.</msg>
<arg>${PROCEED_TO_CHECKOUT_BUTTON_XPATH}</arg>
<doc>Click the element identified by ``locator``.</doc>
<status status="PASS" start="2024-05-20T20:08:31.404051" elapsed="1.290980"/>
</kw>
<status status="PASS" start="2024-05-20T20:08:31.386052" elapsed="1.308979"/>
</kw>
<kw name="Fill In Payments Details" owner="CheckoutKeywords">
<kw name="Wait Until Element Is Visible" owner="SeleniumLibrary">
<arg>${BILLING_FIRST_NAME_INPUT_ID}</arg>
<arg>timeout=10s</arg>
<doc>Waits until the element ``locator`` is visible.</doc>
<status status="PASS" start="2024-05-20T20:08:32.696030" elapsed="0.013001"/>
</kw>
<kw name="Click Element" owner="SeleniumLibrary">
<msg time="2024-05-20T20:08:32.709031" level="INFO">Clicking element 'id:billing_first_name'.</msg>
<arg>${BILLING_FIRST_NAME_INPUT_ID}</arg>
<doc>Click the element identified by ``locator``.</doc>
<status status="PASS" start="2024-05-20T20:08:32.709031" elapsed="0.028004"/>
</kw>
<kw name="Clear Element Text" owner="SeleniumLibrary">
<arg>${BILLING_FIRST_NAME_INPUT_ID}</arg>
<doc>Clears the value of the text-input-element identified by ``locator``.</doc>
<status status="PASS" start="2024-05-20T20:08:32.737035" elapsed="0.019994"/>
</kw>
<kw name="Input Text" owner="SeleniumLibrary">
<msg time="2024-05-20T20:08:32.757029" level="INFO">Typing text 'Kasper' into text field 'id:billing_first_name'.</msg>
<arg>${BILLING_FIRST_NAME_INPUT_ID}</arg>
<arg>${FIRST_NAME}[${first_name_index}]</arg>
<doc>Types the given ``text`` into the text field identified by ``locator``.</doc>
<status status="PASS" start="2024-05-20T20:08:32.757029" elapsed="0.032734"/>
</kw>
<kw name="Wait Until Element Is Visible" owner="SeleniumLibrary">
<arg>${BILLING_LAST_NAME_INPUT_ID}</arg>
<arg>timeout=10s</arg>
<doc>Waits until the element ``locator`` is visible.</doc>
<status status="PASS" start="2024-05-20T20:08:32.789763" elapsed="0.012477"/>
</kw>
<kw name="Click Element" owner="SeleniumLibrary">
<msg time="2024-05-20T20:08:32.802240" level="INFO">Clicking element 'id:billing_last_name'.</msg>
<arg>${BILLING_LAST_NAME_INPUT_ID}</arg>
<doc>Click the element identified by ``locator``.</doc>
<status status="PASS" start="2024-05-20T20:08:32.802240" elapsed="0.025003"/>
</kw>
<kw name="Clear Element Text" owner="SeleniumLibrary">
<arg>${BILLING_LAST_NAME_INPUT_ID}</arg>
<doc>Clears the value of the text-input-element identified by ``locator``.</doc>
<status status="PASS" start="2024-05-20T20:08:32.827243" elapsed="0.020999"/>
</kw>
<kw name="Input Text" owner="SeleniumLibrary">
<msg time="2024-05-20T20:08:32.848242" level="INFO">Typing text 'Czarnecki' into text field 'id:billing_last_name'.</msg>
<arg>${BILLING_LAST_NAME_INPUT_ID}</arg>
<arg>${LAST_NAME}[${last_name_index}]</arg>
<doc>Types the given ``text`` into the text field identified by ``locator``.</doc>
<status status="PASS" start="2024-05-20T20:08:32.848242" elapsed="0.036954"/>
</kw>
<kw name="Execute Javascript" owner="SeleniumLibrary">
<msg time="2024-05-20T20:08:32.886196" level="INFO">Executing JavaScript:
window.scrollBy(0, 300);
Without any arguments.</msg>
<arg>window.scrollBy(0, 300);</arg>
<doc>Executes the given JavaScript code with possible arguments.</doc>
<status status="PASS" start="2024-05-20T20:08:32.886196" elapsed="0.002000"/>
</kw>
<kw name="Wait Until Element Is Visible" owner="SeleniumLibrary">
<arg>${BILLING_STREET_INPUT_ID}</arg>
<arg>timeout=10s</arg>
<doc>Waits until the element ``locator`` is visible.</doc>
<status status="PASS" start="2024-05-20T20:08:32.889197" elapsed="0.011998"/>
</kw>
<kw name="Click Element" owner="SeleniumLibrary">
<msg time="2024-05-20T20:08:32.901195" level="INFO">Clicking element 'id:billing_address_1'.</msg>
<arg>${BILLING_STREET_INPUT_ID}</arg>
<doc>Click the element identified by ``locator``.</doc>
<status status="PASS" start="2024-05-20T20:08:32.901195" elapsed="0.029001"/>
</kw>
<kw name="Clear Element Text" owner="SeleniumLibrary">
<arg>${BILLING_STREET_INPUT_ID}</arg>
<doc>Clears the value of the text-input-element identified by ``locator``.</doc>
<status status="PASS" start="2024-05-20T20:08:32.930196" elapsed="0.017004"/>
</kw>
<kw name="Input Text" owner="SeleniumLibrary">
<msg time="2024-05-20T20:08:32.948196" level="INFO">Typing text 'Baczynskiego 18' into text field 'id:billing_address_1'.</msg>
<arg>${BILLING_STREET_INPUT_ID}</arg>
<arg>${ADDRESS}[${address_index}]</arg>
<doc>Types the given ``text`` into the text field identified by ``locator``.</doc>
<status status="PASS" start="2024-05-20T20:08:32.947200" elapsed="0.036096"/>
</kw>
<kw name="Execute Javascript" owner="SeleniumLibrary">
<msg time="2024-05-20T20:08:32.984298" level="INFO">Executing JavaScript:
window.scrollBy(0, 300);
Without any arguments.</msg>
<arg>window.scrollBy(0, 300);</arg>
<doc>Executes the given JavaScript code with possible arguments.</doc>
<status status="PASS" start="2024-05-20T20:08:32.983296" elapsed="0.004000"/>
</kw>
<kw name="Wait Until Element Is Visible" owner="SeleniumLibrary">
<arg>${BILLING_POSTCODE_INPUT_ID}</arg>
<arg>timeout=10s</arg>
<doc>Waits until the element ``locator`` is visible.</doc>
<status status="PASS" start="2024-05-20T20:08:32.987296" elapsed="0.012001"/>
</kw>
<kw name="Click Element" owner="SeleniumLibrary">
<msg time="2024-05-20T20:08:33.000296" level="INFO">Clicking element 'id:billing_postcode'.</msg>
<arg>${BILLING_POSTCODE_INPUT_ID}</arg>
<doc>Click the element identified by ``locator``.</doc>
<status status="PASS" start="2024-05-20T20:08:32.999297" elapsed="0.023497"/>
</kw>
<kw name="Clear Element Text" owner="SeleniumLibrary">
<arg>${BILLING_POSTCODE_INPUT_ID}</arg>
<doc>Clears the value of the text-input-element identified by ``locator``.</doc>
<status status="PASS" start="2024-05-20T20:08:33.022794" elapsed="0.019000"/>
</kw>
<kw name="Input Text" owner="SeleniumLibrary">
<msg time="2024-05-20T20:08:33.041794" level="INFO">Typing text '80-410' into text field 'id:billing_postcode'.</msg>
<arg>${BILLING_POSTCODE_INPUT_ID}</arg>
<arg>${POSTCODE}[${postcode_index}]</arg>
<doc>Types the given ``text`` into the text field identified by ``locator``.</doc>
<status status="PASS" start="2024-05-20T20:08:33.041794" elapsed="0.035743"/>
</kw>
<kw name="Execute Javascript" owner="SeleniumLibrary">
<msg time="2024-05-20T20:08:33.078914" level="INFO">Executing JavaScript:
window.scrollBy(0, 300);
Without any arguments.</msg>
<arg>window.scrollBy(0, 300);</arg>
<doc>Executes the given JavaScript code with possible arguments.</doc>
<status status="PASS" start="2024-05-20T20:08:33.077537" elapsed="0.004384"/>
</kw>
<kw name="Wait Until Element Is Visible" owner="SeleniumLibrary">
<arg>${BILLING_CITY_INPUT_ID}</arg>
<arg>timeout=10s</arg>
<doc>Waits until the element ``locator`` is visible.</doc>
<status status="PASS" start="2024-05-20T20:08:33.081921" elapsed="0.011000"/>
</kw>
<kw name="Click Element" owner="SeleniumLibrary">
<msg time="2024-05-20T20:08:33.092921" level="INFO">Clicking element 'id:billing_city'.</msg>
<arg>${BILLING_CITY_INPUT_ID}</arg>
<doc>Click the element identified by ``locator``.</doc>
<status status="PASS" start="2024-05-20T20:08:33.092921" elapsed="0.023476"/>
</kw>
<kw name="Clear Element Text" owner="SeleniumLibrary">
<arg>${BILLING_CITY_INPUT_ID}</arg>
<doc>Clears the value of the text-input-element identified by ``locator``.</doc>
<status status="PASS" start="2024-05-20T20:08:33.116397" elapsed="0.032424"/>
</kw>
<kw name="Input Text" owner="SeleniumLibrary">
<msg time="2024-05-20T20:08:33.148821" level="INFO">Typing text 'Gdansk' into text field 'id:billing_city'.</msg>
<arg>${BILLING_CITY_INPUT_ID}</arg>
<arg>${CITY}[${city_index}]</arg>
<doc>Types the given ``text`` into the text field identified by ``locator``.</doc>
<status status="PASS" start="2024-05-20T20:08:33.148821" elapsed="0.030959"/>
</kw>
<kw name="Execute Javascript" owner="SeleniumLibrary">
<msg time="2024-05-20T20:08:33.179780" level="INFO">Executing JavaScript:
window.scrollBy(0, 300);
Without any arguments.</msg>
<arg>window.scrollBy(0, 300);</arg>
<doc>Executes the given JavaScript code with possible arguments.</doc>
<status status="PASS" start="2024-05-20T20:08:33.179780" elapsed="0.002000"/>
</kw>
<kw name="Wait Until Element Is Visible" owner="SeleniumLibrary">
<arg>${BILLING_PHONE_INPUT_ID}</arg>
<arg>timeout=10s</arg>
<doc>Waits until the element ``locator`` is visible.</doc>
<status status="PASS" start="2024-05-20T20:08:33.181780" elapsed="0.011001"/>
</kw>
<kw name="Click Element" owner="SeleniumLibrary">
<msg time="2024-05-20T20:08:33.192781" level="INFO">Clicking element 'id:billing_phone'.</msg>
<arg>${BILLING_PHONE_INPUT_ID}</arg>
<doc>Click the element identified by ``locator``.</doc>
<status status="PASS" start="2024-05-20T20:08:33.192781" elapsed="0.023005"/>
</kw>
<kw name="Clear Element Text" owner="SeleniumLibrary">
<arg>${BILLING_PHONE_INPUT_ID}</arg>
<doc>Clears the value of the text-input-element identified by ``locator``.</doc>
<status status="PASS" start="2024-05-20T20:08:33.216783" elapsed="0.028997"/>
</kw>
<kw name="Input Text" owner="SeleniumLibrary">
<msg time="2024-05-20T20:08:33.246780" level="INFO">Typing text '79 624 50 78' into text field 'id:billing_phone'.</msg>
<arg>${BILLING_PHONE_INPUT_ID}</arg>
<arg>${PHONE}[${phone_index}]</arg>
<doc>Types the given ``text`` into the text field identified by ``locator``.</doc>
<status status="PASS" start="2024-05-20T20:08:33.245780" elapsed="0.034740"/>
</kw>
<kw name="Execute Javascript" owner="SeleniumLibrary">
<msg time="2024-05-20T20:08:33.281520" level="INFO">Executing JavaScript:
window.scrollBy(0, 300);
Without any arguments.</msg>
<arg>window.scrollBy(0, 300);</arg>
<doc>Executes the given JavaScript code with possible arguments.</doc>
<status status="PASS" start="2024-05-20T20:08:33.281520" elapsed="0.003000"/>
</kw>
<kw name="Wait Until Element Is Visible" owner="SeleniumLibrary">
<arg>${BILLING_EMAIL_INPUT_ID}</arg>
<arg>timeout=10s</arg>
<doc>Waits until the element ``locator`` is visible.</doc>
<status status="PASS" start="2024-05-20T20:08:33.284520" elapsed="0.012000"/>
</kw>
<kw name="Click Element" owner="SeleniumLibrary">
<msg time="2024-05-20T20:08:33.296520" level="INFO">Clicking element 'id:billing_email'.</msg>
<arg>${BILLING_EMAIL_INPUT_ID}</arg>
<doc>Click the element identified by ``locator``.</doc>
<status status="PASS" start="2024-05-20T20:08:33.296520" elapsed="0.025000"/>
</kw>
<kw name="Clear Element Text" owner="SeleniumLibrary">
<arg>${BILLING_EMAIL_INPUT_ID}</arg>
<doc>Clears the value of the text-input-element identified by ``locator``.</doc>
<status status="PASS" start="2024-05-20T20:08:33.321520" elapsed="0.017000"/>
</kw>
<kw name="Input Text" owner="SeleniumLibrary">
<msg time="2024-05-20T20:08:33.338520" level="INFO">Typing text 'example1@example.com' into text field 'id:billing_email'.</msg>
<arg>${BILLING_EMAIL_INPUT_ID}</arg>
<arg>${BILLING_EMAIL}[${email_index}]</arg>
<doc>Types the given ``text`` into the text field identified by ``locator``.</doc>
<status status="PASS" start="2024-05-20T20:08:33.338520" elapsed="0.048100"/>
</kw>
<arg>1</arg>
<arg>1</arg>
<arg>1</arg>
<arg>1</arg>
<arg>1</arg>
<arg>1</arg>
<arg>1</arg>
<status status="PASS" start="2024-05-20T20:08:32.696030" elapsed="0.690590"/>
</kw>
<kw name="Fill In Card Number Details" owner="CheckoutKeywords">
<kw name="Wait Until Element Is Visible" owner="SeleniumLibrary">
<arg>${FIELDSET_ID}</arg>
<doc>Waits until the element ``locator`` is visible.</doc>
<status status="PASS" start="2024-05-20T20:08:33.387620" elapsed="0.012001"/>
</kw>
<kw name="Wait Until Frame Is Visible" owner="CommonKeywords">
<kw name="Wait Until Element Is Visible" owner="SeleniumLibrary">
<arg>${iframe_locator}</arg>
<arg>timeout=10s</arg>
<doc>Waits until the element ``locator`` is visible.</doc>
<status status="PASS" start="2024-05-20T20:08:33.399621" elapsed="0.424100"/>
</kw>
<arg>${IFRAME_CARD_NUMBER}</arg>
<status status="PASS" start="2024-05-20T20:08:33.399621" elapsed="0.424100"/>
</kw>
<kw name="Select Frame" owner="SeleniumLibrary">
<msg time="2024-05-20T20:08:33.823721" level="INFO">Selecting frame 'css:#stripe-card-element &gt; div &gt; iframe'.</msg>
<arg>${IFRAME_CARD_NUMBER}</arg>
<doc>Sets frame identified by ``locator`` as the current frame.</doc>
<status status="PASS" start="2024-05-20T20:08:33.823721" elapsed="0.055961"/>
</kw>
<kw name="Wait Until Element Is Visible" owner="SeleniumLibrary">
<arg>${CARD_NUMBER_INPUT_NAME}</arg>
<arg>timeout=10s</arg>
<doc>Waits until the element ``locator`` is visible.</doc>
<status status="PASS" start="2024-05-20T20:08:33.880682" elapsed="0.471357"/>
</kw>
<kw name="Click Element" owner="SeleniumLibrary">
<msg time="2024-05-20T20:08:34.353038" level="INFO">Clicking element 'name:cardnumber'.</msg>
<arg>${CARD_NUMBER_INPUT_NAME}</arg>
<doc>Click the element identified by ``locator``.</doc>
<status status="PASS" start="2024-05-20T20:08:34.352039" elapsed="0.055005"/>
</kw>
<kw name="Clear Element Text" owner="SeleniumLibrary">
<arg>${CARD_NUMBER_INPUT_NAME}</arg>
<doc>Clears the value of the text-input-element identified by ``locator``.</doc>
<status status="PASS" start="2024-05-20T20:08:34.408040" elapsed="0.018999"/>
</kw>
<kw name="Input Text" owner="SeleniumLibrary">
<msg time="2024-05-20T20:08:34.428041" level="INFO">Typing text '4242424242424242' into text field 'name:cardnumber'.</msg>
<arg>${CARD_NUMBER_INPUT_NAME}</arg>
<arg>${card_number}</arg>
<doc>Types the given ``text`` into the text field identified by ``locator``.</doc>
<status status="PASS" start="2024-05-20T20:08:34.427039" elapsed="0.051215"/>
</kw>
<kw name="Unselect Frame" owner="SeleniumLibrary">
<doc>Sets the main frame as the current frame.</doc>
<status status="PASS" start="2024-05-20T20:08:34.479255" elapsed="0.001999"/>
</kw>
<status status="PASS" start="2024-05-20T20:08:33.387620" elapsed="1.093634"/>
</kw>
<kw name="Fill In Card Expiry Details" owner="CheckoutKeywords">
<kw name="Wait Until Element Is Visible" owner="SeleniumLibrary">
<arg>${FIELDSET_ID}</arg>
<doc>Waits until the element ``locator`` is visible.</doc>
<status status="PASS" start="2024-05-20T20:08:34.481254" elapsed="0.011001"/>
</kw>
<kw name="Wait Until Frame Is Visible" owner="CommonKeywords">
<kw name="Wait Until Element Is Visible" owner="SeleniumLibrary">
<arg>${iframe_locator}</arg>
<arg>timeout=10s</arg>
<doc>Waits until the element ``locator`` is visible.</doc>
<status status="PASS" start="2024-05-20T20:08:34.493255" elapsed="0.009998"/>
</kw>
<arg>${IFRAME_CARD_EXPIRY}</arg>
<status status="PASS" start="2024-05-20T20:08:34.492255" elapsed="0.010998"/>
</kw>
<kw name="Select Frame" owner="SeleniumLibrary">
<msg time="2024-05-20T20:08:34.503253" level="INFO">Selecting frame 'css:#stripe-exp-element &gt; div &gt; iframe'.</msg>
<arg>${IFRAME_CARD_EXPIRY}</arg>
<doc>Sets frame identified by ``locator`` as the current frame.</doc>
<status status="PASS" start="2024-05-20T20:08:34.503253" elapsed="0.014004"/>
</kw>
<kw name="Wait Until Element Is Visible" owner="SeleniumLibrary">
<arg>${CARD_EXPIRY_INPUT_NAME}</arg>
<arg>timeout=10s</arg>
<doc>Waits until the element ``locator`` is visible.</doc>
<status status="PASS" start="2024-05-20T20:08:34.518254" elapsed="0.012001"/>
</kw>
<kw name="Click Element" owner="SeleniumLibrary">
<msg time="2024-05-20T20:08:34.531255" level="INFO">Clicking element 'name:exp-date'.</msg>
<arg>${CARD_EXPIRY_INPUT_NAME}</arg>
<doc>Click the element identified by ``locator``.</doc>
<status status="PASS" start="2024-05-20T20:08:34.531255" elapsed="0.043086"/>
</kw>
<kw name="Clear Element Text" owner="SeleniumLibrary">
<arg>${CARD_EXPIRY_INPUT_NAME}</arg>
<doc>Clears the value of the text-input-element identified by ``locator``.</doc>
<status status="PASS" start="2024-05-20T20:08:34.574341" elapsed="0.018346"/>
</kw>
<kw name="Input Text" owner="SeleniumLibrary">
<msg time="2024-05-20T20:08:34.593692" level="INFO">Typing text '11/26' into text field 'name:exp-date'.</msg>
<arg>${CARD_EXPIRY_INPUT_NAME}</arg>
<arg>${card_expiry_date}</arg>
<doc>Types the given ``text`` into the text field identified by ``locator``.</doc>
<status status="PASS" start="2024-05-20T20:08:34.593692" elapsed="0.033657"/>
</kw>
<kw name="Unselect Frame" owner="SeleniumLibrary">
<doc>Sets the main frame as the current frame.</doc>
<status status="PASS" start="2024-05-20T20:08:34.628351" elapsed="0.000997"/>
</kw>
<status status="PASS" start="2024-05-20T20:08:34.481254" elapsed="0.148094"/>
</kw>
<kw name="Fill In Card CVC Details" owner="CheckoutKeywords">
<kw name="Wait Until Element Is Visible" owner="SeleniumLibrary">
<arg>${FIELDSET_ID}</arg>
<doc>Waits until the element ``locator`` is visible.</doc>
<status status="PASS" start="2024-05-20T20:08:34.630348" elapsed="0.008000"/>
</kw>
<kw name="Wait Until Frame Is Visible" owner="CommonKeywords">
<kw name="Wait Until Element Is Visible" owner="SeleniumLibrary">
<arg>${iframe_locator}</arg>
<arg>timeout=10s</arg>
<doc>Waits until the element ``locator`` is visible.</doc>
<status status="PASS" start="2024-05-20T20:08:34.639348" elapsed="0.010000"/>
</kw>
<arg>${IFRAME_CVC}</arg>
<status status="PASS" start="2024-05-20T20:08:34.638348" elapsed="0.011000"/>
</kw>
<kw name="Select Frame" owner="SeleniumLibrary">
<msg time="2024-05-20T20:08:34.649348" level="INFO">Selecting frame 'css:#stripe-cvc-element &gt; div &gt; iframe'.</msg>
<arg>${IFRAME_CVC}</arg>
<doc>Sets frame identified by ``locator`` as the current frame.</doc>
<status status="PASS" start="2024-05-20T20:08:34.649348" elapsed="0.012443"/>
</kw>
<kw name="Wait Until Element Is Visible" owner="SeleniumLibrary">
<arg>${CVC_INPUT_NAME}</arg>
<arg>timeout=10s</arg>
<doc>Waits until the element ``locator`` is visible.</doc>
<status status="PASS" start="2024-05-20T20:08:34.661791" elapsed="0.010999"/>
</kw>
<kw name="Click Element" owner="SeleniumLibrary">
<msg time="2024-05-20T20:08:34.672790" level="INFO">Clicking element 'name:cvc'.</msg>
<arg>${CVC_INPUT_NAME}</arg>
<doc>Click the element identified by ``locator``.</doc>
<status status="PASS" start="2024-05-20T20:08:34.672790" elapsed="0.051672"/>
</kw>
<kw name="Clear Element Text" owner="SeleniumLibrary">
<arg>${CVC_INPUT_NAME}</arg>
<doc>Clears the value of the text-input-element identified by ``locator``.</doc>
<status status="PASS" start="2024-05-20T20:08:34.724462" elapsed="0.018999"/>
</kw>
<kw name="Input Text" owner="SeleniumLibrary">
<msg time="2024-05-20T20:08:34.744462" level="INFO">Typing text '123' into text field 'name:cvc'.</msg>
<arg>${CVC_INPUT_NAME}</arg>
<arg>${card_cvc}</arg>
<doc>Types the given ``text`` into the text field identified by ``locator``.</doc>
<status status="PASS" start="2024-05-20T20:08:34.743461" elapsed="0.030890"/>
</kw>
<kw name="Unselect Frame" owner="SeleniumLibrary">
<doc>Sets the main frame as the current frame.</doc>
<status status="PASS" start="2024-05-20T20:08:34.774351" elapsed="0.000997"/>
</kw>
<status status="PASS" start="2024-05-20T20:08:34.629348" elapsed="0.147001"/>
</kw>
<kw name="Read And Accept Terms" owner="CheckoutKeywords">
<kw name="Wait Until Element Is Visible" owner="SeleniumLibrary">
<arg>${BILLING_TERMS_CHECKBOX_XPATH}</arg>
<doc>Waits until the element ``locator`` is visible.</doc>
<status status="PASS" start="2024-05-20T20:08:34.776349" elapsed="0.010999"/>
</kw>
<kw name="Select Checkbox" owner="SeleniumLibrary">
<msg time="2024-05-20T20:08:34.787348" level="INFO">Selecting checkbox 'xpath://*[@id="terms"]'.</msg>
<arg>${BILLING_TERMS_CHECKBOX_XPATH}</arg>
<doc>Selects the checkbox identified by ``locator``.</doc>
<status status="PASS" start="2024-05-20T20:08:34.787348" elapsed="0.042999"/>
</kw>
<status status="PASS" start="2024-05-20T20:08:34.776349" elapsed="0.053998"/>
</kw>
<kw name="Click The Buy And Pay Button" owner="CheckoutKeywords">
<kw name="Wait Until Element Is Visible" owner="SeleniumLibrary">
<arg>${BILLING_PLACE_ORDER_BUTTON_XPATH}</arg>
<doc>Waits until the element ``locator`` is visible.</doc>
<status status="PASS" start="2024-05-20T20:08:34.831347" elapsed="0.011002"/>
</kw>
<kw name="Click Element" owner="SeleniumLibrary">
<msg time="2024-05-20T20:08:34.842349" level="INFO">Clicking element 'xpath://*[@id="place_order"]'.</msg>
<arg>${BILLING_PLACE_ORDER_BUTTON_XPATH}</arg>
<doc>Click the element identified by ``locator``.</doc>
<status status="PASS" start="2024-05-20T20:08:34.842349" elapsed="0.041284"/>
</kw>
<status status="PASS" start="2024-05-20T20:08:34.830347" elapsed="0.053286"/>
</kw>
<kw name="Order Page Should Be Open" owner="CheckoutKeywords">
<kw name="Wait Until Page Contains" owner="SeleniumLibrary">
<arg>Zamówienie otrzymane</arg>
<arg>timeout=20s</arg>
<doc>Waits until ``text`` appears on the current page.</doc>
<status status="PASS" start="2024-05-20T20:08:34.884631" elapsed="8.298104"/>
</kw>
<status status="PASS" start="2024-05-20T20:08:34.883633" elapsed="8.299102"/>
</kw>
<kw name="Capture Page Screenshot" owner="SeleniumLibrary">
<msg time="2024-05-20T20:08:43.330848" level="INFO" html="true">&lt;/td&gt;&lt;/tr&gt;&lt;tr&gt;&lt;td colspan="3"&gt;&lt;a href="Screenshots/checkout_test1.png"&gt;&lt;img src="Screenshots/checkout_test1.png" width="800px"&gt;&lt;/a&gt;</msg>
<arg>Screenshots/checkout_test1.png</arg>
<doc>Takes a screenshot of the current page and embeds it into a log file.</doc>
<status status="PASS" start="2024-05-20T20:08:43.183735" elapsed="0.148113"/>
</kw>
<kw name="Close Browser" owner="SeleniumLibrary" type="TEARDOWN">
<doc>Closes the current browser.</doc>
<status status="PASS" start="2024-05-20T20:08:43.331848" elapsed="2.150917"/>
</kw>
<doc>This test case verifies the order checkout process
by adding windsurfing and sailing products to the cart,
applying a coupon code, and filling in payment and card details.</doc>
<tag>checkout, succesfull</tag>
<status status="PASS" start="2024-05-20T20:07:49.998160" elapsed="55.484605"/>
</test>
<test id="s1-t2" name="Order Checkout Process Test 2" line="41">
<kw name="Open Browser To FakeStore Page" owner="CommonKeywords">
<kw name="Open Browser" owner="SeleniumLibrary">
<msg time="2024-05-20T20:08:45.486756" level="INFO">Opening browser 'Chrome' to base url 'https://fakestore.testelka.pl'.</msg>
<arg>${BASE_URL}</arg>
<arg>${BROWSER}</arg>
<doc>Opens a new browser instance to the optional ``url``.</doc>
<status status="PASS" start="2024-05-20T20:08:45.485757" elapsed="3.567057"/>
</kw>
<kw name="Maximize Browser Window" owner="SeleniumLibrary">
<doc>Maximizes current browser window.</doc>
<status status="PASS" start="2024-05-20T20:08:49.052814" elapsed="0.024000"/>
</kw>
<kw name="Title Should Be" owner="SeleniumLibrary">
<msg time="2024-05-20T20:08:49.081814" level="INFO">Page title is 'FakeStore – Sklep do nauki testowania'.</msg>
<arg>FakeStore – Sklep do nauki testowania</arg>
<doc>Verifies that the current page title equals ``title``.</doc>
<status status="PASS" start="2024-05-20T20:08:49.077815" elapsed="0.003999"/>
</kw>
<status status="PASS" start="2024-05-20T20:08:45.485757" elapsed="3.596057"/>
</kw>
<kw name="Go To Shop Page" owner="CommonKeywords">
<kw name="Click Element" owner="SeleniumLibrary">
<msg time="2024-05-20T20:08:49.082820" level="INFO">Clicking element 'id:menu-item-198'.</msg>
<arg>${SHOP_LINK_ID}</arg>
<doc>Click the element identified by ``locator``.</doc>
<status status="PASS" start="2024-05-20T20:08:49.081814" elapsed="0.851939"/>
</kw>
<kw name="Title Should Be" owner="SeleniumLibrary">
<msg time="2024-05-20T20:08:49.938752" level="INFO">Page title is 'Sklep – FakeStore'.</msg>
<arg>Sklep – FakeStore</arg>
<doc>Verifies that the current page title equals ``title``.</doc>
<status status="PASS" start="2024-05-20T20:08:49.933753" elapsed="0.004999"/>
</kw>
<kw name="Location Should Be" owner="SeleniumLibrary">
<msg time="2024-05-20T20:08:49.942754" level="INFO">Current location is 'https://fakestore.testelka.pl/shop/'.</msg>
<arg>${SHOP_URL}</arg>
<doc>Verifies that the current URL is exactly ``url``.</doc>
<status status="PASS" start="2024-05-20T20:08:49.938752" elapsed="0.004002"/>
</kw>
<kw name="Log" owner="BuiltIn">
<msg time="2024-05-20T20:08:49.942754" level="INFO">Redirected to Shop Page</msg>
<arg>Redirected to Shop Page</arg>
<doc>Logs the given message with the given level.</doc>
<status status="PASS" start="2024-05-20T20:08:49.942754" elapsed="0.000000"/>
</kw>
<status status="PASS" start="2024-05-20T20:08:49.081814" elapsed="0.860940"/>
</kw>
<kw name="Click On Windsurfing Category" owner="CartKeywords">
<kw name="Wait Until Element Is Visible" owner="SeleniumLibrary">
<arg>${WINDSURFING_CATEGORY_XPATH}</arg>
<doc>Waits until the element ``locator`` is visible.</doc>
<status status="PASS" start="2024-05-20T20:08:49.943752" elapsed="0.013000"/>
</kw>
<kw name="Click Element" owner="SeleniumLibrary">
<msg time="2024-05-20T20:08:49.956752" level="INFO">Clicking element 'xpath://*[@id="main"]/ul/li[1]/a'.</msg>
<arg>${WINDSURFING_CATEGORY_XPATH}</arg>
<doc>Click the element identified by ``locator``.</doc>
<status status="PASS" start="2024-05-20T20:08:49.956752" elapsed="0.840033"/>
</kw>
<kw name="Title Should Be" owner="SeleniumLibrary">
<msg time="2024-05-20T20:08:50.799782" level="INFO">Page title is 'Windsurfing – FakeStore'.</msg>
<arg>Windsurfing – FakeStore</arg>
<doc>Verifies that the current page title equals ``title``.</doc>
<status status="PASS" start="2024-05-20T20:08:50.796785" elapsed="0.002997"/>
</kw>
<kw name="Location Should Be" owner="SeleniumLibrary">
<msg time="2024-05-20T20:08:50.801781" level="INFO">Current location is 'https://fakestore.testelka.pl/product-category/windsurfing/'.</msg>
<arg>${WINDSERFING_URL}</arg>
<doc>Verifies that the current URL is exactly ``url``.</doc>
<status status="PASS" start="2024-05-20T20:08:50.799782" elapsed="0.001999"/>
</kw>
<kw name="Log" owner="BuiltIn">
<msg time="2024-05-20T20:08:50.802781" level="INFO">Clicked on Windsurfing Category</msg>
<arg>Clicked on Windsurfing Category</arg>
<doc>Logs the given message with the given level.</doc>
<status status="PASS" start="2024-05-20T20:08:50.801781" elapsed="0.001000"/>
</kw>
<status status="PASS" start="2024-05-20T20:08:49.943752" elapsed="0.859029"/>
</kw>
<kw name="Select Product By Order" owner="CartKeywords">
<kw name="Get From Dictionary" owner="Collections">
<msg time="2024-05-20T20:08:50.802781" level="INFO">${product_locator} = //*[@id="main"]/ul/li[1]/a[1]</msg>
<var>${product_locator}</var>
<arg>${SELECT_PRODUCT_LOCATORS}</arg>
<arg>${select_option}</arg>
<doc>Returns a value from the given ``dictionary`` based on the given ``key``.</doc>
<status status="PASS" start="2024-05-20T20:08:50.802781" elapsed="0.000000"/>
</kw>
<kw name="Run Keyword If" owner="BuiltIn">
<kw name="Click Element" owner="SeleniumLibrary">
<msg time="2024-05-20T20:08:50.803781" level="INFO">Clicking element '//*[@id="main"]/ul/li[1]/a[1]'.</msg>
<arg>${product_locator}</arg>
<doc>Click the element identified by ``locator``.</doc>
<status status="PASS" start="2024-05-20T20:08:50.802781" elapsed="3.025680"/>
</kw>
<arg>'${product_locator}' != 'None'</arg>
<arg>Click Element</arg>
<arg>${product_locator}</arg>
<arg>ELSE</arg>
<arg>Log</arg>
<arg>No locator found for option: ${select_option}</arg>
<arg>Scroll Page Down If Element Not Visible</arg>
<arg>${product_locator}</arg>
<doc>Runs the given keyword with the given arguments, if ``condition`` is true.</doc>
<status status="PASS" start="2024-05-20T20:08:50.802781" elapsed="3.025680"/>
</kw>
<arg>first_product</arg>
<status status="PASS" start="2024-05-20T20:08:50.802781" elapsed="3.025680"/>
</kw>
<kw name="Locate and Click Quantity Input Field" owner="CartKeywords">
<kw name="Click Element" owner="SeleniumLibrary">
<msg time="2024-05-20T20:08:53.829699" level="INFO">Clicking element 'xpath:/html/body/div[2]/div[2]/div/div[2]/main/div[2]/div[2]/form/div/input'.</msg>
<arg>${QUANTITY_INPUT_XPATH}</arg>
<doc>Click the element identified by ``locator``.</doc>
<status status="PASS" start="2024-05-20T20:08:53.829699" elapsed="0.036795"/>
</kw>
<status status="PASS" start="2024-05-20T20:08:53.829699" elapsed="0.036795"/>
</kw>
<kw name="Clear and Enter Quantity" owner="CartKeywords">
<kw name="Input Text" owner="SeleniumLibrary">
<msg time="2024-05-20T20:08:53.867494" level="INFO">Typing text '' into text field 'xpath:/html/body/div[2]/div[2]/div/div[2]/main/div[2]/div[2]/form/div/input'.</msg>
<arg>${QUANTITY_INPUT_XPATH}</arg>
<arg>${EMPTY}</arg>
<doc>Types the given ``text`` into the text field identified by ``locator``.</doc>
<status status="PASS" start="2024-05-20T20:08:53.866494" elapsed="0.050362"/>
</kw>
<kw name="Input Text" owner="SeleniumLibrary">
<msg time="2024-05-20T20:08:53.916856" level="INFO">Typing text '2' into text field 'xpath:/html/body/div[2]/div[2]/div/div[2]/main/div[2]/div[2]/form/div/input'.</msg>
<arg>${QUANTITY_INPUT_XPATH}</arg>
<arg>${quantity}</arg>
<doc>Types the given ``text`` into the text field identified by ``locator``.</doc>
<status status="PASS" start="2024-05-20T20:08:53.916856" elapsed="0.036717"/>
</kw>
<arg>2</arg>
<status status="PASS" start="2024-05-20T20:08:53.866494" elapsed="0.087079"/>
</kw>
<kw name="Add Windsurfing Products To Cart" owner="CartKeywords">
<kw name="Get Dictionary Keys" owner="Collections">
<msg time="2024-05-20T20:08:53.954577" level="INFO">${windserfing_locations} = ['Egipt', 'Fuerteventura', 'Greece', 'Karpathos', 'Lanzarote', 'Sal']</msg>
<var>${windserfing_locations}</var>
<arg>${ADD_WINDSERFING_LOCATORS}</arg>
<doc>Returns keys of the given ``dictionary`` as a list.</doc>
<status status="PASS" start="2024-05-20T20:08:53.953573" elapsed="0.001004"/>
</kw>
<for flavor="IN">
<iter>
<kw name="Get From Dictionary" owner="Collections">
<msg time="2024-05-20T20:08:53.954577" level="INFO">${windserfing_locator} = //*[@id="product-386"]/div[2]/form/button</msg>
<var>${windserfing_locator}</var>
<arg>${ADD_WINDSERFING_LOCATORS}</arg>
<arg>${windserfing_location}</arg>
<doc>Returns a value from the given ``dictionary`` based on the given ``key``.</doc>
<status status="PASS" start="2024-05-20T20:08:53.954577" elapsed="0.000000"/>
</kw>
<kw name="Run Keyword And Return Status" owner="BuiltIn">
<kw name="Wait Until Element Is Visible" owner="SeleniumLibrary">
<arg>${windserfing_locator}</arg>
<arg>timeout=10s</arg>
<doc>Waits until the element ``locator`` is visible.</doc>
<status status="PASS" start="2024-05-20T20:08:53.954577" elapsed="0.016001"/>
</kw>
<msg time="2024-05-20T20:08:53.970578" level="INFO">${button_visible} = True</msg>
<var>${button_visible}</var>
<arg>Wait Until Element Is Visible</arg>
<arg>${windserfing_locator}</arg>
<arg>timeout=10s</arg>
<doc>Runs the given keyword with given arguments and returns the status as a Boolean value.</doc>
<status status="PASS" start="2024-05-20T20:08:53.954577" elapsed="0.016001"/>
</kw>
<if>
<branch type="IF" condition="'${button_visible}' == 'True'">
<kw name="Click Element" owner="SeleniumLibrary">
<msg time="2024-05-20T20:08:53.970578" level="INFO">Clicking element '//*[@id="product-386"]/div[2]/form/button'.</msg>
<arg>${windserfing_locator}</arg>
<doc>Click the element identified by ``locator``.</doc>
<status status="PASS" start="2024-05-20T20:08:53.970578" elapsed="1.232692"/>
</kw>
<kw name="Exit For Loop" owner="BuiltIn">
<msg time="2024-05-20T20:08:55.203270" level="INFO">Exiting for loop altogether.</msg>
<doc>Stops executing the enclosing FOR loop.</doc>
<status status="PASS" start="2024-05-20T20:08:55.203270" elapsed="0.000000"/>
</kw>
<status status="PASS" start="2024-05-20T20:08:53.970578" elapsed="1.232692"/>
</branch>
<branch type="ELSE">
<kw name="Log" owner="BuiltIn">
<arg>Element '${windserfing_location}' not visible after 10 seconds.</arg>
<doc>Logs the given message with the given level.</doc>
<status status="NOT RUN" start="2024-05-20T20:08:55.204270" elapsed="0.000000"/>
</kw>
<status status="NOT RUN" start="2024-05-20T20:08:55.203270" elapsed="0.001000"/>
</branch>
<status status="PASS" start="2024-05-20T20:08:53.970578" elapsed="1.233692"/>
</if>
<var name="${windserfing_location}">Egipt</var>
<status status="PASS" start="2024-05-20T20:08:53.954577" elapsed="1.249693"/>
</iter>
<var>${windserfing_location}</var>
<value>@{windserfing_locations}</value>
<status status="PASS" start="2024-05-20T20:08:53.954577" elapsed="1.249693"/>
</for>
<status status="PASS" start="2024-05-20T20:08:53.953573" elapsed="1.250697"/>
</kw>
<kw name="Go To Shop Page" owner="CommonKeywords">
<kw name="Click Element" owner="SeleniumLibrary">
<msg time="2024-05-20T20:08:55.204270" level="INFO">Clicking element 'id:menu-item-198'.</msg>
<arg>${SHOP_LINK_ID}</arg>
<doc>Click the element identified by ``locator``.</doc>
<status status="PASS" start="2024-05-20T20:08:55.204270" elapsed="1.249913"/>
</kw>
<kw name="Title Should Be" owner="SeleniumLibrary">
<msg time="2024-05-20T20:08:56.459185" level="INFO">Page title is 'Sklep – FakeStore'.</msg>
<arg>Sklep – FakeStore</arg>
<doc>Verifies that the current page title equals ``title``.</doc>
<status status="PASS" start="2024-05-20T20:08:56.454183" elapsed="0.005002"/>
</kw>
<kw name="Location Should Be" owner="SeleniumLibrary">
<msg time="2024-05-20T20:08:56.462183" level="INFO">Current location is 'https://fakestore.testelka.pl/shop/'.</msg>
<arg>${SHOP_URL}</arg>
<doc>Verifies that the current URL is exactly ``url``.</doc>
<status status="PASS" start="2024-05-20T20:08:56.459185" elapsed="0.002998"/>
</kw>
<kw name="Log" owner="BuiltIn">
<msg time="2024-05-20T20:08:56.462183" level="INFO">Redirected to Shop Page</msg>
<arg>Redirected to Shop Page</arg>
<doc>Logs the given message with the given level.</doc>
<status status="PASS" start="2024-05-20T20:08:56.462183" elapsed="0.000000"/>
</kw>
<status status="PASS" start="2024-05-20T20:08:55.204270" elapsed="1.257913"/>
</kw>
<kw name="Click On Sailing Category" owner="CartKeywords">
<kw name="Execute Javascript" owner="SeleniumLibrary">
<msg time="2024-05-20T20:08:56.462183" level="INFO">Executing JavaScript:
window.scrollBy(0, 200);
Without any arguments.</msg>
<arg>window.scrollBy(0, 200);</arg>
<doc>Executes the given JavaScript code with possible arguments.</doc>
<status status="PASS" start="2024-05-20T20:08:56.462183" elapsed="0.003000"/>
</kw>
<kw name="Wait Until Element Is Visible" owner="SeleniumLibrary">
<arg>${SAILING_CATEGORY_XPATH}</arg>
<arg>timeout=10s</arg>
<doc>Waits until the element ``locator`` is visible.</doc>
<status status="PASS" start="2024-05-20T20:08:56.465183" elapsed="0.011002"/>
</kw>
<kw name="Click Element" owner="SeleniumLibrary">
<msg time="2024-05-20T20:08:56.477183" level="INFO">Clicking element 'xpath://*[@id="main"]/ul/li[4]/a'.</msg>
<arg>${SAILING_CATEGORY_XPATH}</arg>
<doc>Click the element identified by ``locator``.</doc>
<status status="PASS" start="2024-05-20T20:08:56.476185" elapsed="0.803729"/>
</kw>
<kw name="Title Should Be" owner="SeleniumLibrary">
<msg time="2024-05-20T20:08:57.282914" level="INFO">Page title is 'Żeglarstwo – FakeStore'.</msg>
<arg>Żeglarstwo – FakeStore</arg>
<doc>Verifies that the current page title equals ``title``.</doc>
<status status="PASS" start="2024-05-20T20:08:57.280915" elapsed="0.001999"/>
</kw>
<kw name="Location Should Be" owner="SeleniumLibrary">
<msg time="2024-05-20T20:08:57.285914" level="INFO">Current location is 'https://fakestore.testelka.pl/product-category/zeglarstwo/'.</msg>
<arg>${SAILING_URL}</arg>
<doc>Verifies that the current URL is exactly ``url``.</doc>
<status status="PASS" start="2024-05-20T20:08:57.282914" elapsed="0.003000"/>
</kw>
<kw name="Log" owner="BuiltIn">
<msg time="2024-05-20T20:08:57.285914" level="INFO">Clicked on Sailing Category</msg>
<arg>Clicked on Sailing Category</arg>
<doc>Logs the given message with the given level.</doc>
<status status="PASS" start="2024-05-20T20:08:57.285914" elapsed="0.000000"/>
</kw>
<status status="PASS" start="2024-05-20T20:08:56.462183" elapsed="0.823731"/>
</kw>
<kw name="Select Product By Order" owner="CartKeywords">
<kw name="Get From Dictionary" owner="Collections">
<msg time="2024-05-20T20:08:57.285914" level="INFO">${product_locator} = //*[@id="main"]/ul/li[1]/a[1]</msg>
<var>${product_locator}</var>
<arg>${SELECT_PRODUCT_LOCATORS}</arg>
<arg>${select_option}</arg>
<doc>Returns a value from the given ``dictionary`` based on the given ``key``.</doc>
<status status="PASS" start="2024-05-20T20:08:57.285914" elapsed="0.000000"/>
</kw>
<kw name="Run Keyword If" owner="BuiltIn">
<kw name="Click Element" owner="SeleniumLibrary">
<msg time="2024-05-20T20:08:57.286914" level="INFO">Clicking element '//*[@id="main"]/ul/li[1]/a[1]'.</msg>
<arg>${product_locator}</arg>
<doc>Click the element identified by ``locator``.</doc>
<status status="PASS" start="2024-05-20T20:08:57.286914" elapsed="2.281450"/>
</kw>
<arg>'${product_locator}' != 'None'</arg>
<arg>Click Element</arg>
<arg>${product_locator}</arg>
<arg>ELSE</arg>
<arg>Log</arg>
<arg>No locator found for option: ${select_option}</arg>
<arg>Scroll Page Down If Element Not Visible</arg>
<arg>${product_locator}</arg>
<doc>Runs the given keyword with the given arguments, if ``condition`` is true.</doc>
<status status="PASS" start="2024-05-20T20:08:57.286914" elapsed="2.281450"/>
</kw>
<arg>first_product</arg>
<status status="PASS" start="2024-05-20T20:08:57.285914" elapsed="2.282450"/>
</kw>
<kw name="Locate and Click Quantity Input Field" owner="CartKeywords">
<kw name="Click Element" owner="SeleniumLibrary">
<msg time="2024-05-20T20:08:59.569370" level="INFO">Clicking element 'xpath:/html/body/div[2]/div[2]/div/div[2]/main/div[2]/div[2]/form/div/input'.</msg>
<arg>${QUANTITY_INPUT_XPATH}</arg>
<doc>Click the element identified by ``locator``.</doc>
<status status="PASS" start="2024-05-20T20:08:59.568364" elapsed="0.025955"/>
</kw>
<status status="PASS" start="2024-05-20T20:08:59.568364" elapsed="0.025955"/>
</kw>
<kw name="Clear and Enter Quantity" owner="CartKeywords">
<kw name="Input Text" owner="SeleniumLibrary">
<msg time="2024-05-20T20:08:59.595326" level="INFO">Typing text '' into text field 'xpath:/html/body/div[2]/div[2]/div/div[2]/main/div[2]/div[2]/form/div/input'.</msg>
<arg>${QUANTITY_INPUT_XPATH}</arg>
<arg>${EMPTY}</arg>
<doc>Types the given ``text`` into the text field identified by ``locator``.</doc>
<status status="PASS" start="2024-05-20T20:08:59.595326" elapsed="0.037822"/>
</kw>
<kw name="Input Text" owner="SeleniumLibrary">
<msg time="2024-05-20T20:08:59.633922" level="INFO">Typing text '1' into text field 'xpath:/html/body/div[2]/div[2]/div/div[2]/main/div[2]/div[2]/form/div/input'.</msg>
<arg>${QUANTITY_INPUT_XPATH}</arg>
<arg>${quantity}</arg>
<doc>Types the given ``text`` into the text field identified by ``locator``.</doc>
<status status="PASS" start="2024-05-20T20:08:59.633922" elapsed="0.035187"/>
</kw>
<arg>1</arg>
<status status="PASS" start="2024-05-20T20:08:59.594319" elapsed="0.074790"/>
</kw>
<kw name="Add Sailing Products To Cart" owner="CartKeywords">
<kw name="Get Dictionary Keys" owner="Collections">
<msg time="2024-05-20T20:08:59.670108" level="INFO">${sailing_locations} = ['Masuria']</msg>
<var>${sailing_locations}</var>
<arg>${ADD_SAILING_LOCATORS}</arg>
<doc>Returns keys of the given ``dictionary`` as a list.</doc>
<status status="PASS" start="2024-05-20T20:08:59.670108" elapsed="0.000000"/>
</kw>
<for flavor="IN">
<iter>
<kw name="Get From Dictionary" owner="Collections">
<msg time="2024-05-20T20:08:59.670108" level="INFO">${sailing_locator} = //*[@id="product-46"]/div[2]/form/button</msg>
<var>${sailing_locator}</var>
<arg>${ADD_SAILING_LOCATORS}</arg>
<arg>${sailing_location}</arg>
<doc>Returns a value from the given ``dictionary`` based on the given ``key``.</doc>
<status status="PASS" start="2024-05-20T20:08:59.670108" elapsed="0.000000"/>
</kw>
<kw name="Run Keyword And Return Status" owner="BuiltIn">
<kw name="Wait Until Element Is Visible" owner="SeleniumLibrary">
<arg>${sailing_locator}</arg>
<arg>timeout=10s</arg>
<doc>Waits until the element ``locator`` is visible.</doc>
<status status="PASS" start="2024-05-20T20:08:59.671108" elapsed="0.013001"/>
</kw>
<msg time="2024-05-20T20:08:59.684109" level="INFO">${button_visible} = True</msg>
<var>${button_visible}</var>
<arg>Wait Until Element Is Visible</arg>
<arg>${sailing_locator}</arg>
<arg>timeout=10s</arg>
<doc>Runs the given keyword with given arguments and returns the status as a Boolean value.</doc>
<status status="PASS" start="2024-05-20T20:08:59.671108" elapsed="0.013001"/>
</kw>
<if>
<branch type="IF" condition="'${button_visible}' == 'True'">
<kw name="Click Element" owner="SeleniumLibrary">
<msg time="2024-05-20T20:08:59.684109" level="INFO">Clicking element '//*[@id="product-46"]/div[2]/form/button'.</msg>
<arg>${sailing_locator}</arg>
<doc>Click the element identified by ``locator``.</doc>
<status status="PASS" start="2024-05-20T20:08:59.684109" elapsed="1.033773"/>
</kw>
<kw name="Exit For Loop" owner="BuiltIn">
<msg time="2024-05-20T20:09:00.717882" level="INFO">Exiting for loop altogether.</msg>
<doc>Stops executing the enclosing FOR loop.</doc>
<status status="PASS" start="2024-05-20T20:09:00.717882" elapsed="0.000000"/>
</kw>
<status status="PASS" start="2024-05-20T20:08:59.684109" elapsed="1.033773"/>
</branch>
<branch type="ELSE">
<kw name="Log" owner="BuiltIn">
<arg>Element '${sailing_location}' not visible after 10 seconds.</arg>
<doc>Logs the given message with the given level.</doc>
<status status="NOT RUN" start="2024-05-20T20:09:00.717882" elapsed="0.000000"/>
</kw>
<status status="NOT RUN" start="2024-05-20T20:09:00.717882" elapsed="0.000000"/>
</branch>
<status status="PASS" start="2024-05-20T20:08:59.684109" elapsed="1.033773"/>
</if>
<var name="${sailing_location}">Masuria</var>
<status status="PASS" start="2024-05-20T20:08:59.670108" elapsed="1.047774"/>
</iter>
<var>${sailing_location}</var>
<value>@{sailing_locations}</value>
<status status="PASS" start="2024-05-20T20:08:59.670108" elapsed="1.048776"/>
</for>
<status status="PASS" start="2024-05-20T20:08:59.670108" elapsed="1.048776"/>
</kw>
<kw name="Go To Cart Page" owner="CommonKeywords">
<kw name="Click Element" owner="SeleniumLibrary">
<msg time="2024-05-20T20:09:00.719882" level="INFO">Clicking element 'id:menu-item-200'.</msg>
<arg>${CART_LINK_ID}</arg>
<doc>Click the element identified by ``locator``.</doc>
<status status="PASS" start="2024-05-20T20:09:00.718884" elapsed="1.520935"/>
</kw>
<kw name="Title Should Be" owner="SeleniumLibrary">
<msg time="2024-05-20T20:09:02.243822" level="INFO">Page title is 'Koszyk – FakeStore'.</msg>
<arg>Koszyk – FakeStore</arg>
<doc>Verifies that the current page title equals ``title``.</doc>
<status status="PASS" start="2024-05-20T20:09:02.239819" elapsed="0.004003"/>
</kw>
<kw name="Location Should Be" owner="SeleniumLibrary">
<msg time="2024-05-20T20:09:02.246820" level="INFO">Current location is 'https://fakestore.testelka.pl/koszyk/'.</msg>
<arg>${CART_URL}</arg>
<doc>Verifies that the current URL is exactly ``url``.</doc>
<status status="PASS" start="2024-05-20T20:09:02.243822" elapsed="0.002998"/>
</kw>
<kw name="Log" owner="BuiltIn">
<msg time="2024-05-20T20:09:02.246820" level="INFO">Redirected to Cart Page</msg>
<arg>Redirected to Cart Page</arg>
<doc>Logs the given message with the given level.</doc>
<status status="PASS" start="2024-05-20T20:09:02.246820" elapsed="0.000000"/>
</kw>
<status status="PASS" start="2024-05-20T20:09:00.718884" elapsed="1.527936"/>
</kw>
<kw name="Locate and Apply Coupon Code" owner="CheckoutKeywords">
<kw name="Execute Javascript" owner="SeleniumLibrary">
<msg time="2024-05-20T20:09:02.247819" level="INFO">Executing JavaScript:
window.scrollBy(0, 200);
Without any arguments.</msg>
<arg>window.scrollBy(0, 200);</arg>
<doc>Executes the given JavaScript code with possible arguments.</doc>
<status status="PASS" start="2024-05-20T20:09:02.246820" elapsed="0.003000"/>
</kw>
<kw name="Wait Until Element Is Visible" owner="SeleniumLibrary">
<arg>${COUPON_CODE_INPUT_ID}</arg>
<arg>timeout=10s</arg>
<doc>Waits until the element ``locator`` is visible.</doc>
<status status="PASS" start="2024-05-20T20:09:02.249820" elapsed="0.014016"/>
</kw>
<kw name="Click Element" owner="SeleniumLibrary">
<msg time="2024-05-20T20:09:02.263836" level="INFO">Clicking element 'id:coupon_code'.</msg>
<arg>${COUPON_CODE_INPUT_ID}</arg>
<doc>Click the element identified by ``locator``.</doc>
<status status="PASS" start="2024-05-20T20:09:02.263836" elapsed="0.025417"/>
</kw>
<kw name="Input Text" owner="SeleniumLibrary">
<msg time="2024-05-20T20:09:02.290250" level="INFO">Typing text 'kwotowy250pojedynczy' into text field 'id:coupon_code'.</msg>
<arg>${COUPON_CODE_INPUT_ID}</arg>
<arg>${COUPONS}[${coupon_index}]</arg>
<doc>Types the given ``text`` into the text field identified by ``locator``.</doc>
<status status="PASS" start="2024-05-20T20:09:02.290250" elapsed="0.062027"/>
</kw>
<kw name="Execute Javascript" owner="SeleniumLibrary">
<msg time="2024-05-20T20:09:02.353278" level="INFO">Executing JavaScript:
window.scrollBy(0, 200);
Without any arguments.</msg>
<arg>window.scrollBy(0, 200);</arg>
<doc>Executes the given JavaScript code with possible arguments.</doc>
<status status="PASS" start="2024-05-20T20:09:02.353278" elapsed="0.002000"/>
</kw>
<kw name="Wait Until Element Is Visible" owner="SeleniumLibrary">
<arg>${APPLY_COUPON_BUTTON_CSS}</arg>
<doc>Waits until the element ``locator`` is visible.</doc>
<status status="PASS" start="2024-05-20T20:09:02.355278" elapsed="0.013999"/>
</kw>
<kw name="Click Element" owner="SeleniumLibrary">
<msg time="2024-05-20T20:09:02.369277" level="INFO">Clicking element 'css:button[name='apply_coupon']'.</msg>
<arg>${APPLY_COUPON_BUTTON_CSS}</arg>
<doc>Click the element identified by ``locator``.</doc>
<status status="PASS" start="2024-05-20T20:09:02.369277" elapsed="0.029999"/>
</kw>
<arg>1</arg>
<status status="PASS" start="2024-05-20T20:09:02.246820" elapsed="0.152456"/>
</kw>
<kw name="Click Process To Checkout Button" owner="CheckoutKeywords">
<kw name="Execute Javascript" owner="SeleniumLibrary">
<msg time="2024-05-20T20:09:02.401277" level="INFO">Executing JavaScript:
window.scrollBy(0, 400);
Without any arguments.</msg>
<arg>window.scrollBy(0, 400);</arg>
<doc>Executes the given JavaScript code with possible arguments.</doc>
<status status="PASS" start="2024-05-20T20:09:02.400276" elapsed="0.004000"/>
</kw>
<kw name="Wait Until Element Is Visible" owner="SeleniumLibrary">
<arg>${PROCEED_TO_CHECKOUT_BUTTON_XPATH}</arg>
<doc>Waits until the element ``locator`` is visible.</doc>
<status status="PASS" start="2024-05-20T20:09:02.404276" elapsed="0.010000"/>
</kw>
<kw name="Click Element" owner="SeleniumLibrary">
<msg time="2024-05-20T20:09:02.415276" level="INFO">Clicking element 'xpath=//*[@id="post-6"]/div/div/div[2]/div/div/a'.</msg>
<arg>${PROCEED_TO_CHECKOUT_BUTTON_XPATH}</arg>
<doc>Click the element identified by ``locator``.</doc>
<status status="PASS" start="2024-05-20T20:09:02.414276" elapsed="1.181412"/>
</kw>
<status status="PASS" start="2024-05-20T20:09:02.400276" elapsed="1.196412"/>
</kw>
<kw name="Fill In Payments Details" owner="CheckoutKeywords">
<kw name="Wait Until Element Is Visible" owner="SeleniumLibrary">
<arg>${BILLING_FIRST_NAME_INPUT_ID}</arg>
<arg>timeout=10s</arg>
<doc>Waits until the element ``locator`` is visible.</doc>
<status status="PASS" start="2024-05-20T20:09:03.596688" elapsed="0.013003"/>
</kw>
<kw name="Click Element" owner="SeleniumLibrary">
<msg time="2024-05-20T20:09:03.609691" level="INFO">Clicking element 'id:billing_first_name'.</msg>
<arg>${BILLING_FIRST_NAME_INPUT_ID}</arg>
<doc>Click the element identified by ``locator``.</doc>
<status status="PASS" start="2024-05-20T20:09:03.609691" elapsed="0.029837"/>
</kw>
<kw name="Clear Element Text" owner="SeleniumLibrary">
<arg>${BILLING_FIRST_NAME_INPUT_ID}</arg>
<doc>Clears the value of the text-input-element identified by ``locator``.</doc>
<status status="PASS" start="2024-05-20T20:09:03.639528" elapsed="0.019368"/>
</kw>
<kw name="Input Text" owner="SeleniumLibrary">
<msg time="2024-05-20T20:09:03.658896" level="INFO">Typing text 'Julita' into text field 'id:billing_first_name'.</msg>
<arg>${BILLING_FIRST_NAME_INPUT_ID}</arg>
<arg>${FIRST_NAME}[${first_name_index}]</arg>
<doc>Types the given ``text`` into the text field identified by ``locator``.</doc>
<status status="PASS" start="2024-05-20T20:09:03.658896" elapsed="0.038095"/>
</kw>
<kw name="Wait Until Element Is Visible" owner="SeleniumLibrary">
<arg>${BILLING_LAST_NAME_INPUT_ID}</arg>
<arg>timeout=10s</arg>
<doc>Waits until the element ``locator`` is visible.</doc>
<status status="PASS" start="2024-05-20T20:09:03.696991" elapsed="0.012009"/>
</kw>
<kw name="Click Element" owner="SeleniumLibrary">
<msg time="2024-05-20T20:09:03.709000" level="INFO">Clicking element 'id:billing_last_name'.</msg>
[...]
<arg>${BILLING_FIRST_NAME_INPUT_ID}</arg>
<doc>Click the element identified by ``locator``.</doc>
<status status="PASS" start="2024-05-20T20:10:18.777304" elapsed="0.026381"/>
</kw>
<kw name="Clear Element Text" owner="SeleniumLibrary">
<arg>${BILLING_FIRST_NAME_INPUT_ID}</arg>
<doc>Clears the value of the text-input-element identified by ``locator``.</doc>
<status status="PASS" start="2024-05-20T20:10:18.804686" elapsed="0.021486"/>
</kw>
<kw name="Input Text" owner="SeleniumLibrary">
<msg time="2024-05-20T20:10:18.826172" level="INFO">Typing text 'Wiga' into text field 'id:billing_first_name'.</msg>
<arg>${BILLING_FIRST_NAME_INPUT_ID}</arg>
<arg>${FIRST_NAME}[${first_name_index}]</arg>
<doc>Types the given ``text`` into the text field identified by ``locator``.</doc>
<status status="PASS" start="2024-05-20T20:10:18.826172" elapsed="0.035529"/>
</kw>
<kw name="Wait Until Element Is Visible" owner="SeleniumLibrary">
<arg>${BILLING_LAST_NAME_INPUT_ID}</arg>
<arg>timeout=10s</arg>
<doc>Waits until the element ``locator`` is visible.</doc>
<status status="PASS" start="2024-05-20T20:10:18.861701" elapsed="0.012007"/>
</kw>
<kw name="Click Element" owner="SeleniumLibrary">
<msg time="2024-05-20T20:10:18.873708" level="INFO">Clicking element 'id:billing_last_name'.</msg>
<arg>${BILLING_LAST_NAME_INPUT_ID}</arg>
<doc>Click the element identified by ``locator``.</doc>
<status status="PASS" start="2024-05-20T20:10:18.873708" elapsed="0.024123"/>
</kw>
<kw name="Clear Element Text" owner="SeleniumLibrary">
<arg>${BILLING_LAST_NAME_INPUT_ID}</arg>
<doc>Clears the value of the text-input-element identified by ``locator``.</doc>
<status status="PASS" start="2024-05-20T20:10:18.897831" elapsed="0.020000"/>
</kw>
<kw name="Input Text" owner="SeleniumLibrary">
<msg time="2024-05-20T20:10:18.918832" level="INFO">Typing text 'Ostrowska' into text field 'id:billing_last_name'.</msg>
<arg>${BILLING_LAST_NAME_INPUT_ID}</arg>
<arg>${LAST_NAME}[${last_name_index}]</arg>
<doc>Types the given ``text`` into the text field identified by ``locator``.</doc>
<status status="PASS" start="2024-05-20T20:10:18.917831" elapsed="0.045251"/>
</kw>
<kw name="Execute Javascript" owner="SeleniumLibrary">
<msg time="2024-05-20T20:10:18.963082" level="INFO">Executing JavaScript:
window.scrollBy(0, 300);
Without any arguments.</msg>
<arg>window.scrollBy(0, 300);</arg>
<doc>Executes the given JavaScript code with possible arguments.</doc>
<status status="PASS" start="2024-05-20T20:10:18.963082" elapsed="0.003002"/>
</kw>
<kw name="Wait Until Element Is Visible" owner="SeleniumLibrary">
<arg>${BILLING_STREET_INPUT_ID}</arg>
<arg>timeout=10s</arg>
<doc>Waits until the element ``locator`` is visible.</doc>
<status status="PASS" start="2024-05-20T20:10:18.966084" elapsed="0.012996"/>
</kw>
<kw name="Click Element" owner="SeleniumLibrary">
<msg time="2024-05-20T20:10:18.979080" level="INFO">Clicking element 'id:billing_address_1'.</msg>
<arg>${BILLING_STREET_INPUT_ID}</arg>
<doc>Click the element identified by ``locator``.</doc>
<status status="PASS" start="2024-05-20T20:10:18.979080" elapsed="0.026560"/>
</kw>
<kw name="Clear Element Text" owner="SeleniumLibrary">
<arg>${BILLING_STREET_INPUT_ID}</arg>
<doc>Clears the value of the text-input-element identified by ``locator``.</doc>
<status status="PASS" start="2024-05-20T20:10:19.005640" elapsed="0.035268"/>
</kw>
<kw name="Input Text" owner="SeleniumLibrary">
<msg time="2024-05-20T20:10:19.040908" level="INFO">Typing text 'Pola 1' into text field 'id:billing_address_1'.</msg>
<arg>${BILLING_STREET_INPUT_ID}</arg>
<arg>${ADDRESS}[${address_index}]</arg>
<doc>Types the given ``text`` into the text field identified by ``locator``.</doc>
<status status="PASS" start="2024-05-20T20:10:19.040908" elapsed="0.037990"/>
</kw>
<kw name="Execute Javascript" owner="SeleniumLibrary">
<msg time="2024-05-20T20:10:19.078898" level="INFO">Executing JavaScript:
window.scrollBy(0, 300);
Without any arguments.</msg>
<arg>window.scrollBy(0, 300);</arg>
<doc>Executes the given JavaScript code with possible arguments.</doc>
<status status="PASS" start="2024-05-20T20:10:19.078898" elapsed="0.002000"/>
</kw>
<kw name="Wait Until Element Is Visible" owner="SeleniumLibrary">
<arg>${BILLING_POSTCODE_INPUT_ID}</arg>
<arg>timeout=10s</arg>
<doc>Waits until the element ``locator`` is visible.</doc>
<status status="PASS" start="2024-05-20T20:10:19.080898" elapsed="0.014001"/>
</kw>
<kw name="Click Element" owner="SeleniumLibrary">
<msg time="2024-05-20T20:10:19.094899" level="INFO">Clicking element 'id:billing_postcode'.</msg>
<arg>${BILLING_POSTCODE_INPUT_ID}</arg>
<doc>Click the element identified by ``locator``.</doc>
<status status="PASS" start="2024-05-20T20:10:19.094899" elapsed="0.026000"/>
</kw>
<kw name="Clear Element Text" owner="SeleniumLibrary">
<arg>${BILLING_POSTCODE_INPUT_ID}</arg>
<doc>Clears the value of the text-input-element identified by ``locator``.</doc>
<status status="PASS" start="2024-05-20T20:10:19.120899" elapsed="0.020999"/>
</kw>
<kw name="Input Text" owner="SeleniumLibrary">
<msg time="2024-05-20T20:10:19.141898" level="INFO">Typing text '85-218' into text field 'id:billing_postcode'.</msg>
<arg>${BILLING_POSTCODE_INPUT_ID}</arg>
<arg>${POSTCODE}[${postcode_index}]</arg>
<doc>Types the given ``text`` into the text field identified by ``locator``.</doc>
<status status="PASS" start="2024-05-20T20:10:19.141898" elapsed="0.035000"/>
</kw>
<kw name="Execute Javascript" owner="SeleniumLibrary">
<msg time="2024-05-20T20:10:19.176898" level="INFO">Executing JavaScript:
window.scrollBy(0, 300);
Without any arguments.</msg>
<arg>window.scrollBy(0, 300);</arg>
<doc>Executes the given JavaScript code with possible arguments.</doc>
<status status="PASS" start="2024-05-20T20:10:19.176898" elapsed="0.003000"/>
</kw>
<kw name="Wait Until Element Is Visible" owner="SeleniumLibrary">
<arg>${BILLING_CITY_INPUT_ID}</arg>
<arg>timeout=10s</arg>
<doc>Waits until the element ``locator`` is visible.</doc>
<status status="PASS" start="2024-05-20T20:10:19.179898" elapsed="0.011000"/>
</kw>
<kw name="Click Element" owner="SeleniumLibrary">
<msg time="2024-05-20T20:10:19.190898" level="INFO">Clicking element 'id:billing_city'.</msg>
<arg>${BILLING_CITY_INPUT_ID}</arg>
<doc>Click the element identified by ``locator``.</doc>
<status status="PASS" start="2024-05-20T20:10:19.190898" elapsed="0.025000"/>
</kw>
<kw name="Clear Element Text" owner="SeleniumLibrary">
<arg>${BILLING_CITY_INPUT_ID}</arg>
<doc>Clears the value of the text-input-element identified by ``locator``.</doc>
<status status="PASS" start="2024-05-20T20:10:19.215898" elapsed="0.017000"/>
</kw>
<kw name="Input Text" owner="SeleniumLibrary">
<msg time="2024-05-20T20:10:19.232898" level="INFO">Typing text 'Bydgoszcz' into text field 'id:billing_city'.</msg>
<arg>${BILLING_CITY_INPUT_ID}</arg>
<arg>${CITY}[${city_index}]</arg>
<doc>Types the given ``text`` into the text field identified by ``locator``.</doc>
<status status="PASS" start="2024-05-20T20:10:19.232898" elapsed="0.042000"/>
</kw>
<kw name="Execute Javascript" owner="SeleniumLibrary">
<msg time="2024-05-20T20:10:19.274898" level="INFO">Executing JavaScript:
window.scrollBy(0, 300);
Without any arguments.</msg>
<arg>window.scrollBy(0, 300);</arg>
<doc>Executes the given JavaScript code with possible arguments.</doc>
<status status="PASS" start="2024-05-20T20:10:19.274898" elapsed="0.002000"/>
</kw>
<kw name="Wait Until Element Is Visible" owner="SeleniumLibrary">
<arg>${BILLING_PHONE_INPUT_ID}</arg>
<arg>timeout=10s</arg>
<doc>Waits until the element ``locator`` is visible.</doc>
<status status="PASS" start="2024-05-20T20:10:19.276898" elapsed="0.011000"/>
</kw>
<kw name="Click Element" owner="SeleniumLibrary">
<msg time="2024-05-20T20:10:19.287898" level="INFO">Clicking element 'id:billing_phone'.</msg>
<arg>${BILLING_PHONE_INPUT_ID}</arg>
<doc>Click the element identified by ``locator``.</doc>
<status status="PASS" start="2024-05-20T20:10:19.287898" elapsed="0.026001"/>
</kw>
<kw name="Clear Element Text" owner="SeleniumLibrary">
<arg>${BILLING_PHONE_INPUT_ID}</arg>
<doc>Clears the value of the text-input-element identified by ``locator``.</doc>
<status status="PASS" start="2024-05-20T20:10:19.313899" elapsed="0.031999"/>
</kw>
<kw name="Input Text" owner="SeleniumLibrary">
<msg time="2024-05-20T20:10:19.345898" level="INFO">Typing text '53 561 56 89' into text field 'id:billing_phone'.</msg>
<arg>${BILLING_PHONE_INPUT_ID}</arg>
<arg>${PHONE}[${phone_index}]</arg>
<doc>Types the given ``text`` into the text field identified by ``locator``.</doc>
<status status="PASS" start="2024-05-20T20:10:19.345898" elapsed="0.044737"/>
</kw>
<kw name="Execute Javascript" owner="SeleniumLibrary">
<msg time="2024-05-20T20:10:19.391635" level="INFO">Executing JavaScript:
window.scrollBy(0, 300);
Without any arguments.</msg>
<arg>window.scrollBy(0, 300);</arg>
<doc>Executes the given JavaScript code with possible arguments.</doc>
<status status="PASS" start="2024-05-20T20:10:19.390635" elapsed="0.002999"/>
</kw>
<kw name="Wait Until Element Is Visible" owner="SeleniumLibrary">
<arg>${BILLING_EMAIL_INPUT_ID}</arg>
<arg>timeout=10s</arg>
<doc>Waits until the element ``locator`` is visible.</doc>
<status status="PASS" start="2024-05-20T20:10:19.393634" elapsed="0.010000"/>
</kw>
<kw name="Click Element" owner="SeleniumLibrary">
<msg time="2024-05-20T20:10:19.403634" level="INFO">Clicking element 'id:billing_email'.</msg>
<arg>${BILLING_EMAIL_INPUT_ID}</arg>
<doc>Click the element identified by ``locator``.</doc>
<status status="PASS" start="2024-05-20T20:10:19.403634" elapsed="0.027490"/>
</kw>
<kw name="Clear Element Text" owner="SeleniumLibrary">
<arg>${BILLING_EMAIL_INPUT_ID}</arg>
<doc>Clears the value of the text-input-element identified by ``locator``.</doc>
<status status="PASS" start="2024-05-20T20:10:19.431124" elapsed="0.017115"/>
</kw>
<kw name="Input Text" owner="SeleniumLibrary">
<msg time="2024-05-20T20:10:19.448239" level="INFO">Typing text 'example3@example.com' into text field 'id:billing_email'.</msg>
<arg>${BILLING_EMAIL_INPUT_ID}</arg>
<arg>${BILLING_EMAIL}[${email_index}]</arg>
<doc>Types the given ``text`` into the text field identified by ``locator``.</doc>
<status status="PASS" start="2024-05-20T20:10:19.448239" elapsed="0.061959"/>
</kw>
<arg>3</arg>
<arg>3</arg>
<arg>3</arg>
<arg>3</arg>
<arg>3</arg>
<arg>3</arg>
<arg>3</arg>
<status status="PASS" start="2024-05-20T20:10:18.764303" elapsed="0.745895"/>
</kw>
<kw name="Fill In Card Number Details" owner="CheckoutKeywords">
<kw name="Wait Until Element Is Visible" owner="SeleniumLibrary">
<arg>${FIELDSET_ID}</arg>
<doc>Waits until the element ``locator`` is visible.</doc>
<status status="PASS" start="2024-05-20T20:10:19.511198" elapsed="0.010000"/>
</kw>
<kw name="Wait Until Frame Is Visible" owner="CommonKeywords">
<kw name="Wait Until Element Is Visible" owner="SeleniumLibrary">
<arg>${iframe_locator}</arg>
<arg>timeout=10s</arg>
<doc>Waits until the element ``locator`` is visible.</doc>
<status status="PASS" start="2024-05-20T20:10:19.521198" elapsed="0.662233"/>
</kw>
<arg>${IFRAME_CARD_NUMBER}</arg>
<status status="PASS" start="2024-05-20T20:10:19.521198" elapsed="0.662233"/>
</kw>
<kw name="Select Frame" owner="SeleniumLibrary">
<msg time="2024-05-20T20:10:20.184434" level="INFO">Selecting frame 'css:#stripe-card-element &gt; div &gt; iframe'.</msg>
<arg>${IFRAME_CARD_NUMBER}</arg>
<doc>Sets frame identified by ``locator`` as the current frame.</doc>
<status status="PASS" start="2024-05-20T20:10:20.184434" elapsed="0.012998"/>
</kw>
<kw name="Wait Until Element Is Visible" owner="SeleniumLibrary">
<arg>${CARD_NUMBER_INPUT_NAME}</arg>
<arg>timeout=10s</arg>
<doc>Waits until the element ``locator`` is visible.</doc>
<status status="PASS" start="2024-05-20T20:10:20.197432" elapsed="0.221356"/>
</kw>
<kw name="Click Element" owner="SeleniumLibrary">
<msg time="2024-05-20T20:10:20.419788" level="INFO">Clicking element 'name:cardnumber'.</msg>
<arg>${CARD_NUMBER_INPUT_NAME}</arg>
<doc>Click the element identified by ``locator``.</doc>
<status status="PASS" start="2024-05-20T20:10:20.419788" elapsed="0.052371"/>
</kw>
<kw name="Clear Element Text" owner="SeleniumLibrary">
<arg>${CARD_NUMBER_INPUT_NAME}</arg>
<doc>Clears the value of the text-input-element identified by ``locator``.</doc>
<status status="PASS" start="2024-05-20T20:10:20.472159" elapsed="0.020038"/>
</kw>
<kw name="Input Text" owner="SeleniumLibrary">
<msg time="2024-05-20T20:10:20.492197" level="INFO">Typing text '4242424242424242' into text field 'name:cardnumber'.</msg>
<arg>${CARD_NUMBER_INPUT_NAME}</arg>
<arg>${card_number}</arg>
<doc>Types the given ``text`` into the text field identified by ``locator``.</doc>
<status status="PASS" start="2024-05-20T20:10:20.492197" elapsed="0.059747"/>
</kw>
<kw name="Unselect Frame" owner="SeleniumLibrary">
<doc>Sets the main frame as the current frame.</doc>
<status status="PASS" start="2024-05-20T20:10:20.551944" elapsed="0.001001"/>
</kw>
<status status="PASS" start="2024-05-20T20:10:19.511198" elapsed="1.041747"/>
</kw>
<kw name="Fill In Card Expiry Details" owner="CheckoutKeywords">
<kw name="Wait Until Element Is Visible" owner="SeleniumLibrary">
<arg>${FIELDSET_ID}</arg>
<doc>Waits until the element ``locator`` is visible.</doc>
<status status="PASS" start="2024-05-20T20:10:20.553944" elapsed="0.008999"/>
</kw>
<kw name="Wait Until Frame Is Visible" owner="CommonKeywords">
<kw name="Wait Until Element Is Visible" owner="SeleniumLibrary">
<arg>${iframe_locator}</arg>
<arg>timeout=10s</arg>
<doc>Waits until the element ``locator`` is visible.</doc>
<status status="PASS" start="2024-05-20T20:10:20.562943" elapsed="0.010999"/>
</kw>
<arg>${IFRAME_CARD_EXPIRY}</arg>
<status status="PASS" start="2024-05-20T20:10:20.562943" elapsed="0.010999"/>
</kw>
<kw name="Select Frame" owner="SeleniumLibrary">
<msg time="2024-05-20T20:10:20.573942" level="INFO">Selecting frame 'css:#stripe-exp-element &gt; div &gt; iframe'.</msg>
<arg>${IFRAME_CARD_EXPIRY}</arg>
<doc>Sets frame identified by ``locator`` as the current frame.</doc>
<status status="PASS" start="2024-05-20T20:10:20.573942" elapsed="0.011000"/>
</kw>
<kw name="Wait Until Element Is Visible" owner="SeleniumLibrary">
<arg>${CARD_EXPIRY_INPUT_NAME}</arg>
<arg>timeout=10s</arg>
<doc>Waits until the element ``locator`` is visible.</doc>
<status status="PASS" start="2024-05-20T20:10:20.584942" elapsed="0.013000"/>
</kw>
<kw name="Click Element" owner="SeleniumLibrary">
<msg time="2024-05-20T20:10:20.597942" level="INFO">Clicking element 'name:exp-date'.</msg>
<arg>${CARD_EXPIRY_INPUT_NAME}</arg>
<doc>Click the element identified by ``locator``.</doc>
<status status="PASS" start="2024-05-20T20:10:20.597942" elapsed="0.049999"/>
</kw>
<kw name="Clear Element Text" owner="SeleniumLibrary">
<arg>${CARD_EXPIRY_INPUT_NAME}</arg>
<doc>Clears the value of the text-input-element identified by ``locator``.</doc>
<status status="PASS" start="2024-05-20T20:10:20.648942" elapsed="0.017002"/>
</kw>
<kw name="Input Text" owner="SeleniumLibrary">
<msg time="2024-05-20T20:10:20.666942" level="INFO">Typing text '11/26' into text field 'name:exp-date'.</msg>
<arg>${CARD_EXPIRY_INPUT_NAME}</arg>
<arg>${card_expiry_date}</arg>
<doc>Types the given ``text`` into the text field identified by ``locator``.</doc>
<status status="PASS" start="2024-05-20T20:10:20.665944" elapsed="0.040748"/>
</kw>
<kw name="Unselect Frame" owner="SeleniumLibrary">
<doc>Sets the main frame as the current frame.</doc>
<status status="PASS" start="2024-05-20T20:10:20.706692" elapsed="0.000999"/>
</kw>
<status status="PASS" start="2024-05-20T20:10:20.553944" elapsed="0.153747"/>
</kw>
<kw name="Read And Accept Terms" owner="CheckoutKeywords">
<kw name="Wait Until Element Is Visible" owner="SeleniumLibrary">
<arg>${BILLING_TERMS_CHECKBOX_XPATH}</arg>
<doc>Waits until the element ``locator`` is visible.</doc>
<status status="PASS" start="2024-05-20T20:10:20.708690" elapsed="0.010001"/>
</kw>
<kw name="Select Checkbox" owner="SeleniumLibrary">
<msg time="2024-05-20T20:10:20.718691" level="INFO">Selecting checkbox 'xpath://*[@id="terms"]'.</msg>
<arg>${BILLING_TERMS_CHECKBOX_XPATH}</arg>
<doc>Selects the checkbox identified by ``locator``.</doc>
<status status="PASS" start="2024-05-20T20:10:20.718691" elapsed="0.034002"/>
</kw>
<status status="PASS" start="2024-05-20T20:10:20.707691" elapsed="0.045002"/>
</kw>
<kw name="Click The Buy And Pay Button" owner="CheckoutKeywords">
<kw name="Wait Until Element Is Visible" owner="SeleniumLibrary">
<arg>${BILLING_PLACE_ORDER_BUTTON_XPATH}</arg>
<doc>Waits until the element ``locator`` is visible.</doc>
<status status="PASS" start="2024-05-20T20:10:20.753693" elapsed="0.012999"/>
</kw>
<kw name="Click Element" owner="SeleniumLibrary">
<msg time="2024-05-20T20:10:20.766692" level="INFO">Clicking element 'xpath://*[@id="place_order"]'.</msg>
<arg>${BILLING_PLACE_ORDER_BUTTON_XPATH}</arg>
<doc>Click the element identified by ``locator``.</doc>
<status status="PASS" start="2024-05-20T20:10:20.766692" elapsed="0.038000"/>
</kw>
<status status="PASS" start="2024-05-20T20:10:20.753693" elapsed="0.050999"/>
</kw>
<kw name="Error Message Should Be Displayed" owner="CommonKeywords">
<kw name="Wait Until Element Is Visible" owner="SeleniumLibrary">
<arg>${error_element}</arg>
<doc>Waits until the element ``locator`` is visible.</doc>
<status status="PASS" start="2024-05-20T20:10:20.805693" elapsed="0.018999"/>
</kw>
<kw name="Get Text" owner="SeleniumLibrary">
<msg time="2024-05-20T20:10:20.837692" level="INFO">${actual_message} = Kod bezpieczeństwa karty jest niekompletny.</msg>
<var>${actual_message}</var>
<arg>${error_element}</arg>
<doc>Returns the text value of the element identified by ``locator``.</doc>
<status status="PASS" start="2024-05-20T20:10:20.824692" elapsed="0.013000"/>
</kw>
<kw name="Should Be Equal As Strings" owner="BuiltIn">
<arg>${actual_message}</arg>
<arg>${expected_message}</arg>
<doc>Fails if objects are unequal after converting them to strings.</doc>
<status status="PASS" start="2024-05-20T20:10:20.837692" elapsed="0.000000"/>
</kw>
<arg>Kod bezpieczeństwa karty jest niekompletny.</arg>
<status status="PASS" start="2024-05-20T20:10:20.804692" elapsed="0.033000"/>
</kw>
<kw name="Capture Page Screenshot" owner="SeleniumLibrary">
<msg time="2024-05-20T20:10:20.944698" level="INFO" html="true">&lt;/td&gt;&lt;/tr&gt;&lt;tr&gt;&lt;td colspan="3"&gt;&lt;a href="Screenshots/checkout_test4.png"&gt;&lt;img src="Screenshots/checkout_test4.png" width="800px"&gt;&lt;/a&gt;</msg>
<arg>Screenshots/checkout_test4.png</arg>
<doc>Takes a screenshot of the current page and embeds it into a log file.</doc>
<status status="PASS" start="2024-05-20T20:10:20.838692" elapsed="0.106006"/>
</kw>
<kw name="Close Browser" owner="SeleniumLibrary" type="TEARDOWN">
<doc>Closes the current browser.</doc>
<status status="PASS" start="2024-05-20T20:10:20.945699" elapsed="2.122758"/>
</kw>
<doc>This test case verifies the order checkout process
by adding windsurfing and sailing products to the cart,
applying a coupon code, and filling in payment and card details.
Card cvc details have not been entered.</doc>
<tag>checkout, failed</tag>
<status status="PASS" start="2024-05-20T20:09:51.537381" elapsed="31.532122"/>
</test>
<doc>Test Case: Order Checkout Process
Title: Verify if a user can successfully complete the order checkout process.</doc>
<status status="PASS" start="2024-05-20T20:07:49.878631" elapsed="153.193876"/>
</suite>
<statistics>
<total>
<stat pass="4" fail="0" skip="0">All Tests</stat>
</total>
<tag>
<stat pass="3" fail="0" skip="0">checkout, failed</stat>
<stat pass="1" fail="0" skip="0">checkout, succesfull</stat>
</tag>
<suite>
<stat pass="4" fail="0" skip="0" id="s1" name="TestCase004">TestCase004</stat>
</suite>
</statistics>
<errors>
</errors>
</robot>
